Case #1:
GGG
CCC
JJJ
Case #2:
CODE
CODE
CJAM
Case #3:
CA
KE
Case #4:
CCCCC
DDDDB
DDDDA
DDDDA
DDDDA
DDDDA
DDDDA
Case #5:
AAAAAAAAAAAABBBBBBBBBBBBB
AAAAAAAAAAAABBBBBBBBBBBBB
AAAAAAAAAAAABBBBBBBBBBBBB
AAAAAAAAAAAABBBBBBBBBBBBB
AAAAAAAAAAAABBBBBBBBBBBBB
AAAAAAAAAAAABBBBBBBBBBBBB
AAAAAAAAAAAABBBBBBBBBBBBB
AAAAAAAAAAAABBBBBBBBBBBBB
AAAAAAAAAAAABBBBBBBBBBBBB
AAAAAAAAAAAABBBBBBBBBBBBB
AAAAAAAAAAAABBBBBBBBBBBBB
AAAAAAAAAAAABBBBBBBBBBBBB
AAAAAAAAAAAABBBBBBBBBBBBB
AAAAAAAAAAAABBBBBBBBBBBBB
CCCCCCCCCCCCBBBBBBBBBBBBB
CCCCCCCCCCCCDDDDDDDDDDDDD
EEEEEEEEEEEEDDDDDDDDDDDDD
EEEEEEEEEEEEDDDDDDDDDDDDD
EEEEEEEEEEEEDDDDDDDDDDDDD
EEEEEEEEEEEEDDDDDDDDDDDDD
EEEEEEEEEEEEDDDDDDDDDDDDD
EEEEEEEEEEEEDDDDDDDDDDDDD
EEEEEEEEEEEEDDDDDDDDDDDDD
EEEEEEEEEEEEDDDDDDDDDDDDD
EEEEEEEEEEEEDDDDDDDDDDDDD
Case #6:
EEEEEEEEEEEJJJJJJJJJJJJJJ
EEEEEEEEEEEXXXXXXXXXXXXXX
UUUUUUZAAAFFIKKKKKKKKKKKK
HHHHHHZOODFFGCCCCCCCCCCCC
WWWWWWZOODYYLPPPPPPPPPPPP
WWWWWWZVVNNBMPPPPPPPPPPPP
WWWWWWZTTTSBMPPPPPPPPPPPP
WWWWWWZRRRSBMPPPPPPPPPPPP
WWWWWWZQQQSBMPPPPPPPPPPPP
WWWWWWZQQQSBMPPPPPPPPPPPP
WWWWWWZQQQSBMPPPPPPPPPPPP
WWWWWWZQQQSBMPPPPPPPPPPPP
WWWWWWZQQQSBMPPPPPPPPPPPP
WWWWWWZQQQSBMPPPPPPPPPPPP
WWWWWWZQQQSBMPPPPPPPPPPPP
WWWWWWZQQQSBMPPPPPPPPPPPP
WWWWWWZQQQSBMPPPPPPPPPPPP
WWWWWWZQQQSBMPPPPPPPPPPPP
WWWWWWZQQQSBMPPPPPPPPPPPP
WWWWWWZQQQSBMPPPPPPPPPPPP
WWWWWWZQQQSBMPPPPPPPPPPPP
WWWWWWZQQQSBMPPPPPPPPPPPP
WWWWWWZQQQSBMPPPPPPPPPPPP
WWWWWWZQQQSBMPPPPPPPPPPPP
WWWWWWZQQQSBMPPPPPPPPPPPP
Case #7:
AAAAAAACCCCCCCCCCCCCCCCCC
AAAAAAACCCCCCCCCCCCCCCCCC
AAAAAAAEEEEEEEEEEEEEEEEEE
AAAAAAAEEEEEEEEEEEEEEEEEE
AAAAAAAEEEEEEEEEEEEEEEEEE
AAAAAAAEEEEEEEEEEEEEEEEEE
BBBBBBBBDDDDDDDDDDDDDDDDD
BBBBBBBBDDDDDDDDDDDDDDDDD
BBBBBBBBDDDDDDDDDDDDDDDDD
BBBBBBBBDDDDDDDDDDDDDDDDD
BBBBBBBBDDDDDDDDDDDDDDDDD
BBBBBBBBDDDDDDDDDDDDDDDDD
BBBBBBBBDDDDDDDDDDDDDDDDD
BBBBBBBBDDDDDDDDDDDDDDDDD
BBBBBBBBDDDDDDDDDDDDDDDDD
BBBBBBBBDDDDDDDDDDDDDDDDD
BBBBBBBBFFFFFFFFFFFFFFGGG
BBBBBBBBHHHHHHHHHHHHHHGGG
BBBBBBBBHHHHHHHHHHHHHHIII
BBBBBBBBJJJJJJJJJJJJJJIII
BBBBBBBBJJJJJJJJJJJJJJIII
BBBBBBBBJJJJJJJJJJJJJJIII
BBBBBBBBJJJJJJJJJJJJJJIII
BBBBBBBBJJJJJJJJJJJJJJIII
BBBBBBBBJJJJJJJJJJJJJJIII
Case #8:
AAAAAAAAAAAAAAAAAAAAAAAAA
BBBBBBBBBBBBBBBBBBBBBBBBB
CCCCCCCCCCCCCCCCCCCCCCCCC
DDDDDDDDDDDDDDDDDDDDDDDDD
EEEEEEEEEEEEEEEEEEEEEEEEE
FFFFFFFFFFFFFFFFFFFFFFFFF
GGGGGGGGGGGGGGGGGGGGGGGGG
HHHHHHHHHHHHHHHHHHHHHHHHH
IIIIIIIIIIIIIIIIIIIIIIIII
JJJJJJJJJJJJJJJJJJJJJJJJJ
KKKKKKKKKKKKKKKKKKKKKKKKK
LLLLLLLLLLLLLLLLLLLLLLLLL
MMMMMMMMMMMMMMMMMMMMMMMMM
NNNNNNNNNNNNNNNNNNNNNNNNN
OOOOOOOOOOOOOOOOOOOOOOOOO
PPPPPPPPPPPPPPPPPPPPPPPPP
QQQQQQQQQQQQQQQQQQQQQQQQQ
RRRRRRRRRRRRRRRRRRRRRRRRR
SSSSSSSSSSSSSSSSSSSSSSSSS
TTTTTTTTTTTTTTTTTTTTTTTTT
UUUUUUUUUUUUUUUUUUUUUUUUU
VVVVVVVVVVVVVVVVVVVVVVVVV
WWWWWWWWWWWWWWWWWWWWWWWWW
XXXXXXXXXXXXXXXXXXXXXXXXX
YYYYYYYYYYYYYYYYYYYYYYYYY
Case #9:
AA
AA
Case #10:
CCCCCCCCCCCCCCCCCCCCCCCCC
CCCCCCCCCCCCCCCCCCCCCCCCC
CCCCCCCCCCCCCCCCCCCCCCCCC
CCCCCCCCCCCCCCCCCCCCCCCCC
CCCCCCCCCCCCCCCCCCCCCCCCC
CCCCCCCCCCCCCCCCCCCCCCCCC
CCCCCCCCCCCCCCCCCCCCCCCCC
CCCCCCCCCCCCCCCCCCCCCCCCC
CCCCCCCCCCCCCCCCCCCCCCCCC
CCCCCCCCCCCCCCCCCCCCCCCCC
CCCCCCCCCCCCCCCCCCCCCCCCC
CCCCCCCCCCCCCCCCCCCCCCCCC
IIIYYYYYYYYYYYYYYYYYYYYYY
IIIYYYYYYYYYYYYYYYYYYYYYY
IIIYYYYYYYYYYYYYYYYYYYYYY
IIILLLLLLLLLLLLLLLLLLLLLL
IIILLLLLLLLLLLLLLLLLLLLLL
JPPLLLLLLLLLLLLLLLLLLLLLL
SSTTTTTTTVVVVVVVVVVVVVVVV
QQQFFFFFFVVVVVVVVVVVVVVVV
GGGGGGBBBNNNNNNNNNNNNNNNN
ZZXXXDDDARRRRRRRRRRRRRRRR
ZZXXXUUUARRRRRRRRRRRRRRRR
EEEEOUUUAMMMMMMMMMMMMMMMM
EEEEOUUUKKKHHHWWWWWWWWWWW
Case #11:
AAAAAAAAABBBBBBBBBBBBBBBB
CCCCCCCCCBBBBBBBBBBBBBBBB
CCCCCCCCCDDDDDDDDDDDDDDDD
EEEEEEEEEDDDDDDDDDDDDDDDD
EEEEEEEEEDDDDDDDDDDDDDDDD
EEEEEEEEEDDDDDDDDDDDDDDDD
EEEEEEEEEDDDDDDDDDDDDDDDD
EEEEEEEEEDDDDDDDDDDDDDDDD
EEEEEEEEEDDDDDDDDDDDDDDDD
EEEEEEEEEDDDDDDDDDDDDDDDD
EEEEEEEEEDDDDDDDDDDDDDDDD
EEEEEEEEEDDDDDDDDDDDDDDDD
EEEEEEEEEFFFFHHHHHHHHHHHH
EEEEEEEEEFFFFJJJJJJJJJJJJ
EEEEEEEEEFFFFJJJJJJJJJJJJ
EEEEEEEEEFFFFJJJJJJJJJJJJ
EEEEEEEEEFFFFJJJJJJJJJJJJ
EEEEEEEEEGGGGGIIIIIIIIIII
EEEEEEEEEGGGGGIIIIIIIIIII
EEEEEEEEEGGGGGIIIIIIIIIII
EEEEEEEEEGGGGGIIIIIIIIIII
EEEEEEEEEGGGGGIIIIIIIIIII
EEEEEEEEEGGGGGIIIIIIIIIII
EEEEEEEEEGGGGGIIIIIIIIIII
EEEEEEEEEGGGGGIIIIIIIIIII
Case #12:
CCCG
AAAG
DDDH
IEBF
Case #13:
FIIIIIIIIIIIIIIIIIIIIIIII
FIIIIIIIIIIIIIIIIIIIIIIII
FIIIIIIIIIIIIIIIIIIIIIIII
FIIIIIIIIIIIIIIIIIIIIIIII
FIIIIIIIIIIIIIIIIIIIIIIII
FIIIIIIIIIIIIIIIIIIIIIIII
FIIIIIIIIIIIIIIIIIIIIIIII
FIIIIIIIIIIIIIIIIIIIIIIII
FIIIIIIIIIIIIIIIIIIIIIIII
FIIIIIIIIIIIIIIIIIIIIIIII
FIIIIIIIIIIIIIIIIIIIIIIII
FIIIIIIIIIIIIIIIIIIIIIIII
FIIIIIIIIIIIIIIIIIIIIIIII
FIIIIIIIIIIIIIIIIIIIIIIII
FIIIIIIIIIIIIIIIIIIIIIIII
FIIIIIIIIIIIIIIIIIIIIIIII
FIIIIIIIIIIIIIIIIIIIIIIII
BBRRRRRRRRRRRRRRRRRRRRRRR
ZWRRRRRRRRRRRRRRRRRRRRRRR
ZYXDAAAAAAAAAAAAAAAAAAAAA
ZUCJTQQQQQQQQQQQQQQQQQQQQ
LHCOSQQQQQQQQQQQQQQQQQQQQ
KHVPSQQQQQQQQQQQQQQQQQQQQ
MHVPEQQQQQQQQQQQQQQQQQQQQ
MHGPENNNNNNNNNNNNNNNNNNNN
Case #14:
AAAAAAAAAAAAAAAAAAAAAAAAA
AAAAAAAAAAAAAAAAAAAAAAAAA
AAAAAAAAAAAAAAAAAAAAAAAAA
AAAAAAAAAAAAAAAAAAAAAAAAA
AAAAAAAAAAAAAAAAAAAAAAAAA
AAAAAAAAAAAAAAAAAAAAAAAAA
AAAAAAAAAAAAAAAAAAAAAAAAA
AAAAAAAAAAAAAAAAAAAAAAAAA
AAAAAAAAAAAAAAAAAAAAAAAAA
AAAAAAAAAAAAAAAAAAAAAAAAA
AAAAAAAAAAAAAAAAAAAAAAAAA
AAAAAAAAAAAAAAAAAAAAAAAAA
AAAAAAAAAAAAAAAAAAAAAAAAA
AAAAAAAAAAAAAAAAAAAAAAAAA
AAAAAAAAAAAAAAAAAAAAAAAAA
AAAAAAAAAAAAAAAAAAAAAAAAA
AAAAAAAAAAAAAAAAAAAAAAAAA
AAAAAAAAAAAAAAAAAAAAAAAAA
AAAAAAAAAAAAAAAAAAAAAAAAA
AAAAAAAAAAAAAAAAAAAAAAAAA
AAAAAAAAAAAAAAAAAAAAAAAAA
AAAAAAAAAAAAAAAAAAAAAAAAA
AAAAAAAAAAAAAAAAAAAAAAAAA
AAAAAAAAAAAAAAAAAAAAAAAAA
AAAAAAAAAAAAAAAAAAAAAAAAA
Case #15:
ABCDEFGHIJKLMNOPQRSTUVWXY
ABCDEFGHIJKLMNOPQRSTUVWXY
ABCDEFGHIJKLMNOPQRSTUVWXY
ABCDEFGHIJKLMNOPQRSTUVWXY
ABCDEFGHIJKLMNOPQRSTUVWXY
ABCDEFGHIJKLMNOPQRSTUVWXY
ABCDEFGHIJKLMNOPQRSTUVWXY
ABCDEFGHIJKLMNOPQRSTUVWXY
ABCDEFGHIJKLMNOPQRSTUVWXY
ABCDEFGHIJKLMNOPQRSTUVWXY
ABCDEFGHIJKLMNOPQRSTUVWXY
ABCDEFGHIJKLMNOPQRSTUVWXY
ABCDEFGHIJKLMNOPQRSTUVWXY
ABCDEFGHIJKLMNOPQRSTUVWXY
ABCDEFGHIJKLMNOPQRSTUVWXY
ABCDEFGHIJKLMNOPQRSTUVWXY
ABCDEFGHIJKLMNOPQRSTUVWXY
ABCDEFGHIJKLMNOPQRSTUVWXY
ABCDEFGHIJKLMNOPQRSTUVWXY
ABCDEFGHIJKLMNOPQRSTUVWXY
ABCDEFGHIJKLMNOPQRSTUVWXY
ABCDEFGHIJKLMNOPQRSTUVWXY
ABCDEFGHIJKLMNOPQRSTUVWXY
ABCDEFGHIJKLMNOPQRSTUVWXY
ABCDEFGHIJKLMNOPQRSTUVWXY
Case #16:
BBB
CDD
ADD
ADD
Case #17:
AAAAAAAAAAAAAAAAAAAAAAAAA
BBBBBBBBBBBBBBBBBBBBBBBBB
CCCCCCCCCCCCCCCCCCCCCCCCC
DDDDDDDDDDDDDDDDDDDDDDDDD
EEEEEEEEEEEEEEEEEEEEEEEEE
FFFFFFFFFFFFFFFFFFFFFFFFF
GGGGGGGGGGGGGGGGGGGGGGGGG
HHHHHHHHHHHHHHHHHHHHHHHHH
IIIIIIIIIIIIIIIIIIIIIIIII
JJJJJJJJJJJJJJJJJJJJJJJJJ
KKKKKKKKKKKKKKKKKKKKKKKKK
LLLLLLLLLLLLLLLLLLLLLLLLL
MMMMMMMMMMMMMMMMMMMMMMMMM
NNNNNNNNNNNNNNNNNNNNNNNNN
OOOOOOOOOOOOOOOOOOOOOOOOO
PPPPPPPPPPPPPPPPPPPPPPPPP
QQQQQQQQQQQQQQQQQQQQQQQQQ
RRRRRRRRRRRRRRRRRRRRRRRRR
SSSSSSSSSSSSSSSSSSSSSSSSS
TTTTTTTTTTTTTTTTTTTTTTTTT
UUUUUUUUUUUUUUUUUUUUUUUUU
VVVVVVVVVVVVVVVVVVVVVVVVV
WWWWWWWWWWWWWWWWWWWWWWWWW
XXXXXXXXXXXXXXXXXXXXXXXXX
YYYYYYYYYYYYYYYYYYYYYYYYY
Case #18:
AAAAAAAAACCCCCCCCCCCCCCCC
AAAAAAAAACCCCCCCCCCCCCCCC
AAAAAAAAACCCCCCCCCCCCCCCC
AAAAAAAAACCCCCCCCCCCCCCCC
AAAAAAAAACCCCCCCCCCCCCCCC
AAAAAAAAACCCCCCCCCCCCCCCC
AAAAAAAAACCCCCCCCCCCCCCCC
AAAAAAAAAEEEEEEEEEEEEEEEE
AAAAAAAAAEEEEEEEEEEEEEEEE
AAAAAAAAAEEEEEEEEEEEEEEEE
AAAAAAAAAEEEEEEEEEEEEEEEE
BBBBBBBBBBDDDDDDDDDDDDDDD
BBBBBBBBBBDDDDDDDDDDDDDDD
BBBBBBBBBBDDDDDDDDDDDDDDD
BBBBBBBBBBDDDDDDDDDDDDDDD
BBBBBBBBBBDDDDDDDDDDDDDDD
BBBBBBBBBBDDDDDDDDDDDDDDD
BBBBBBBBBBDDDDDDDDDDDDDDD
BBBBBBBBBBDDDDDDDDDDDDDDD
BBBBBBBBBBDDDDDDDDDDDDDDD
BBBBBBBBBBDDDDDDDDDDDDDDD
BBBBBBBBBBFFFFFFFFGGGGGGG
BBBBBBBBBBHHHHHHHHGGGGGGG
BBBBBBBBBBHHHHHHHHIIIIIII
BBBBBBBBBBJJJJJJJJIIIIIII
Case #19:
CCWKSEEEEUFFFAAGOOOOJJJJP
MBXDSEEEEUVIHLLZRRNTQQYYP
Case #20:
QQQQQQQQQQQQQQQQQQQQQQQQQ
PPPPPPPPPPPPPPPPPPPPPPPPP
CCCCCCCCCCCCCCCCCCCAAAAAA
CCCCCCCCCCCCCCCCCCCFFFFFF
CCCCCCCCCCCCCCCCCCCFFFFFF
OOOOOOOOOOOOOOOOOOOFFFFFF
OOOOOOOOOOOOOOOOOOOFFFFFF
LLLLLLLLLLLLLLLLLLLFFFFFF
LLLLLLLLLLLLLLLLLLLKKKKKK
LLLLLLLLLLLLLLLLLLLKKKKKK
LLLLLLLLLLLLLLLLLLLKKKKKK
JJJJJJJJJJJJJJJJJJJJJJWWW
JJJJJJJJJJJJJJJJJJJJJJWWW
JJJJJJJJJJJJJJJJJJJJJJWWW
JJJJJJJJJJJJJJJJJJJJJJUUI
SSSSSSSSSTTTTTTTTTTTTTUUI
SSSSSSSSSTTTTTTTTTTTTTUUI
SSSSSSSSSYYYYYYYYYYYYYUUE
SSSSSSSSSYYYYYYYYYYYYYUUE
XXXXXXXXXXXXXXHHHHHHHHUUE
RRRRRBBBBBBBDDHHHHHHHHUUM
RRRRRBBBBBBBDDHHHHHHHHUUM
RRRRRNNNNNNNDDHHHHHHHHUUM
GGGGGNNNNNNNDDHHHHHHHHUUM
GGGGGNNNNNNNDDZZZZZZVVUUM
Case #21:
AAAACCCCCCCCCCCCCCCCCCCCC
AAAACCCCCCCCCCCCCCCCCCCCC
AAAACCCCCCCCCCCCCCCCCCCCC
AAAAEEEEEEEEEEEEEEEEEEEEE
AAAAEEEEEEEEEEEEEEEEEEEEE
AAAAEEEEEEEEEEEEEEEEEEEEE
AAAAEEEEEEEEEEEEEEEEEEEEE
BBBBBDDDDDDDDDDDDDDDDDDDD
BBBBBDDDDDDDDDDDDDDDDDDDD
BBBBBDDDDDDDDDDDDDDDDDDDD
BBBBBDDDDDDDDDDDDDDDDDDDD
BBBBBDDDDDDDDDDDDDDDDDDDD
BBBBBDDDDDDDDDDDDDDDDDDDD
BBBBBFFFFFFFFFFFFFFFFFFGG
BBBBBHHHHHHHHHHHHHHHHHHGG
BBBBBHHHHHHHHHHHHHHHHHHII
BBBBBJJJJJJJJJJJJJJJJJJII
BBBBBJJJJJJJJJJJJJJJJJJII
BBBBBJJJJJJJJJJJJJJJJJJII
BBBBBJJJJJJJJJJJJJJJJJJII
BBBBBJJJJJJJJJJJJJJJJJJII
BBBBBJJJJJJJJJJJJJJJJJJII
BBBBBJJJJJJJJJJJJJJJJJJII
BBBBBJJJJJJJJJJJJJJJJJJII
BBBBBJJJJJJJJJJJJJJJJJJII
Case #22:
PPPPPPPPPPPPPPPPPPPPPPPPP
PPPPPPPPPPPPPPPPPPPPPPPPP
UUUUUUUUUUUUUUUUUUUUUUCCC
EEEEEEEEEEEEEEEEEEEEEEEAA
EEEEEEEEEEEEEEEEEEEEEEEAA
KKKKKKKKKKKKKKKKKKKKKKKAA
OOOOOOOOOOOOOOOOOOOOOOHAA
DDDDDDDDDDDDDDDDDVVVVVHRR
DDDDDDDDDDDDDDDDDZZQQQHRR
DDDDDDDDDDDDDDDDDZZSSSHRR
BBBBBBBBBBBBBBBBBZZSSSHWJ
BBBBBBBBBBBBBBBBBZZMMMXWJ
BBBBBBBBBBBBBBBBBZZMMMFWJ
BBBBBBBBBBBBBBBBBYYMMMFWJ
BBBBBBBBBBBBBBBBBGGTTTIWL
BBBBBBBBBBBBBBBBBGGTTTIWN
BBBBBBBBBBBBBBBBBGGTTTIWN
BBBBBBBBBBBBBBBBBGGTTTIWN
BBBBBBBBBBBBBBBBBGGTTTIWN
BBBBBBBBBBBBBBBBBGGTTTIWN
BBBBBBBBBBBBBBBBBGGTTTIWN
BBBBBBBBBBBBBBBBBGGTTTIWN
BBBBBBBBBBBBBBBBBGGTTTIWN
BBBBBBBBBBBBBBBBBGGTTTIWN
BBBBBBBBBBBBBBBBBGGTTTIWN
Case #23:
FFFFFFFFFFFFFFFFFFFFFFXXX
FFFFFFFFFFFFFFFFFFFFFFXXX
FFFFFFFFFFFFFFFFFFFFFFXXX
MMMMMMMMMMMMMMMMMMMMMMXXX
RRRRRRRRRRRRRRRRRRRRRRXXX
RRRRRRRRRRRRRRRRRRRRRRXXX
WWWWWWWWWWWWWWWWVVVVVVXXX
NNNNNNNNNNNNNNNNVVVVVVXXX
NNNNNNNNNNNNNNNNVVVVVVZZZ
NNNNNNNNNNNNNNNNVVVVVVCCC
PPPPPPPPPPPPPPPPPPPPGGCCC
YYYYYYYYYYYYYYYYYYYYYBCCC
QQQQQQQQQQDDDDDDDDDDDBOOO
SSSSSSSSSSSSSSSLLLLLLBOOO
SSSSSSSSSSSSSSSLLLLLLBOOO
AAAAAAAAAAAAAAALLLLLLBOOO
KKKKKKKKKKKKKKKLLLLLLBOOO
KKKKKKKKKKKKKKKLLLLLLBOOO
JJJJJJJJJJJJJJJLLLLLLBOOO
JJJJJJJJJJJJJJJLLLLLLBOOO
JJJJJJJJJJJJJJJLLLLLLBOOO
JJJJJJJJJJJJJJJLLLLLLBUUU
TTTTTTTTTTTTTTTLLLLLLBUUU
HHHHHHHHIIIIIIILLLLLLEUUU
HHHHHHHHIIIIIIILLLLLLEUUU
Case #24:
TTTTTTTTTTTTTTTTTTTTTTTTT
YYYYYYYYYYYYYYYYYYKKKKKOO
YYYYYYYYYYYYYYYYYYKKKKKOO
ZZZZZZZZZZZZZZZZZZKKKKKOO
CCCCCCCRRRRRRRRRRRKKKKKOO
CCCCCCCRRRRRRRRRRRFFFFFOO
CCCCCCCJJJJJJJJJJJJJMMMOO
CCCCCCCWWWWWWWWWWWWWMMMOO
CCCCCCCEEEEEEEEEEEEEMMMOO
CCCCCCCEEEEEEEEEEEEEMMMOO
CCCCCCCIIIIIAAAAAAAAASSOO
CCCCCCCIIIIIAAAAAAAAASSOO
CCCCCCCIIIIIAAAAAAAAASSGG
CCCCCCCIIIIIXXXXXXXXXSSUU
QQQQQQQIIIIIXXXXXXXXXNNUU
DDDDDDDIIIIIHHHHHLLLLNNUU
BBBBBBBIIIIIHHHHHLLLLNNUU
BBBBBBBIIIIIHHHHHLLLLNNUU
BBBBBBBIIIIIPPPPPLLLLNNUU
BBBBBBBIIIIIPPPPPLLLLNNUU
BBBBBBBIIIIIPPPPPLLLLNNUU
BBBBBBBVVVVVPPPPPLLLLNNUU
BBBBBBBVVVVVPPPPPLLLLNNUU
BBBBBBBVVVVVPPPPPLLLLNNUU
BBBBBBBVVVVVPPPPPLLLLNNUU
Case #25:
RRRRRRRRRRRRRRRRRRRRTTTTT
RRRRRRRRRRRRRRRRRRRRTTTTT
RRRRRRRRRRRRRRRRRRRRTTTTT
RRRRRRRRRRRRRRRRRRRRTTTTT
RRRRRRRRRRRRRRRRRRRRTTTTT
VVVVVVVVVVVVVVVVVVVVTTTTT
YYYYBBBBBBBBBBBBBBAATTTTT
YYYYBBBBBBBBBBBBBBAATTTTT
MMMMMMMMMMMMMMMFFFAATTTTT
MMMMMMMMMMMMMMMFFFSSTTTTT
GGGGGGGGGGGGGGGFFFJJTTTTT
GGGGGGGGGGGGGGGFFFJJTTTTT
CCCCCCCCCCCKKKKFFFJJTTTTT
CCCCCCCCCCCKKKKFFFJJIIIII
HHHHHHHHHHHKKKKFFFJJIIIII
UUUUUUUUUUUUUZZFFFXXIIIII
OOOOOWWWWWWWWZZPPPPNIIIII
OOOOOWWWWWWWWZZEEEENIIIII
OOOOOQQQQQLLLZZEEEENIIIII
DDDDDQQQQQLLLZZEEEENIIIII
DDDDDQQQQQLLLZZEEEENIIIII
DDDDDQQQQQLLLZZEEEENIIIII
DDDDDQQQQQLLLZZEEEENIIIII
DDDDDQQQQQLLLZZEEEENIIIII
DDDDDQQQQQLLLZZEEEENIIIII
Case #26:
ABCDEFGHIJKLMNOPQRSTUVWXY
ABCDEFGHIJKLMNOPQRSTUVWXY
ABCDEFGHIJKLMNOPQRSTUVWXY
ABCDEFGHIJKLMNOPQRSTUVWXY
ABCDEFGHIJKLMNOPQRSTUVWXY
ABCDEFGHIJKLMNOPQRSTUVWXY
ABCDEFGHIJKLMNOPQRSTUVWXY
ABCDEFGHIJKLMNOPQRSTUVWXY
ABCDEFGHIJKLMNOPQRSTUVWXY
ABCDEFGHIJKLMNOPQRSTUVWXY
ABCDEFGHIJKLMNOPQRSTUVWXY
ABCDEFGHIJKLMNOPQRSTUVWXY
ABCDEFGHIJKLMNOPQRSTUVWXY
ABCDEFGHIJKLMNOPQRSTUVWXY
ABCDEFGHIJKLMNOPQRSTUVWXY
ABCDEFGHIJKLMNOPQRSTUVWXY
ABCDEFGHIJKLMNOPQRSTUVWXY
ABCDEFGHIJKLMNOPQRSTUVWXY
ABCDEFGHIJKLMNOPQRSTUVWXY
ABCDEFGHIJKLMNOPQRSTUVWXY
ABCDEFGHIJKLMNOPQRSTUVWXY
ABCDEFGHIJKLMNOPQRSTUVWXY
ABCDEFGHIJKLMNOPQRSTUVWXY
ABCDEFGHIJKLMNOPQRSTUVWXY
ABCDEFGHIJKLMNOPQRSTUVWXY
Case #27:
QQQQQQQQQQQQQQQQQQQQQQOOO
QQQQQQQQQQQQQQQQQQQQQQOOO
QQQQQQQQQQQQQQQQQQQQQQIII
QQQQQQQQQQQQQQQQQQQQQQIII
AAAAAAAAAAAAAWWWWWWWWWIII
AAAAAAAAAAAAACCCCCCCCCIII
AAAAAAAAAAAAACCCCCCCCCIII
AAAAAAAAAAAAACCCCCCCCCIII
AAAAAAAAAAAAAEEEEEEEEEIII
AAAAAAAAAAAAAPPPPPPPPPIII
LLLLLLLLLLLLLLLLLLLKKKIII
DDDDDDJJTTTTTTTTTTTTTHIII
DDDDDDJJTTTTTTTTTTTTTHIII
DDDDDDJJZZZZZYYYYYYYYHIII
NNNNNNJJZZZZZYYYYYYYYHIII
NNNNNNJJXXXXXYYYYYYYYHIII
NNNNNNJJXXXXXSSSSSSSSHIII
NNNNNNVBXXXXXSSSSSSSSHIII
NNNNNNVBXXXXXSSSSSSSSHRRR
NNNNNNVBXXXXXSSSSSSSSHRRR
MMMMMMVBXXXXXSSSSSSSSHRRR
MMMMMMVBUUUUUSSSSSSSSHRRR
MMMMMMVBUUUUUSSSSSSSSHRRR
MMMMMMVGUUUUUSSSSSSSSHRRR
MMMMMMVGFFFFFSSSSSSSSHRRR
Case #28:
BB
AA
Case #29:
DDHHMMMMMIIIIKCGGLBAEJJFF
Case #30:
AAAAACCCCCCCCCCCCCCCCCCCC
AAAAACCCCCCCCCCCCCCCCCCCC
AAAAACCCCCCCCCCCCCCCCCCCC
AAAAACCCCCCCCCCCCCCCCCCCC
AAAAACCCCCCCCCCCCCCCCCCCC
AAAAACCCCCCCCCCCCCCCCCCCC
AAAAACCCCCCCCCCCCCCCCCCCC
AAAAAEEEEEEEEEEEEEEEEEEEE
AAAAAEEEEEEEEEEEEEEEEEEEE
AAAAAEEEEEEEEEEEEEEEEEEEE
AAAAAEEEEEEEEEEEEEEEEEEEE
BBBBBBDDDDDDDDDDDDDDDDDDD
BBBBBBDDDDDDDDDDDDDDDDDDD
BBBBBBDDDDDDDDDDDDDDDDDDD
BBBBBBDDDDDDDDDDDDDDDDDDD
BBBBBBDDDDDDDDDDDDDDDDDDD
BBBBBBDDDDDDDDDDDDDDDDDDD
BBBBBBDDDDDDDDDDDDDDDDDDD
BBBBBBDDDDDDDDDDDDDDDDDDD
BBBBBBDDDDDDDDDDDDDDDDDDD
BBBBBBFFFFFFFFFFFFFFGGGGG
BBBBBBHHHHHHHHHHHHHHGGGGG
BBBBBBHHHHHHHHHHHHHHIIIII
BBBBBBJJJJJJJJJJJJJJIIIII
BBBBBBJJJJJJJJJJJJJJIIIII
Case #31:
DDDDDDYYYYYYYYYYYYYYYYYYY
DDDDDDYYYYYYYYYYYYYYYYYYY
DDDDDDYYYYYYYYYYYYYYYYYYY
DDDDDDYYYYYYYYYYYYYYYYYYY
DDDDDDYYYYYYYYYYYYYYYYYYY
DDDDDDYYYYYYYYYYYYYYYYYYY
DDDDDDYYYYYYYYYYYYYYYYYYY
DDDDDDYYYYYYYYYYYYYYYYYYY
DDDDDDYYYYYYYYYYYYYYYYYYY
DDDDDDYYYYYYYYYYYYYYYYYYY
DDDDDDYYYYYYYYYYYYYYYYYYY
DDDDDDYYYYYYYYYYYYYYYYYYY
DDDDDDYYYYYYYYYYYYYYYYYYY
DDDDDDYYYYYYYYYYYYYYYYYYY
DDDDDDYYYYYYYYYYYYYYYYYYY
DDDDDDKEEEEEEEEEEEEEEEEEE
JJJCRRKNNNNNNNNNNNNNNNNNN
JJJZZWKNNNNNNNNNNNNNNNNNN
JJJPVWKFMHHHHHHHHHHHHHHHH
LLLPVSKOGHHHHHHHHHHHHHHHH
LLLPABKIGHHHHHHHHHHHHHHHH
LLLTUBQIGHHHHHHHHHHHHHHHH
LLLTUXQIGHHHHHHHHHHHHHHHH
LLLTUXQIGHHHHHHHHHHHHHHHH
LLLTUXQIGHHHHHHHHHHHHHHHH
Case #32:
PPPYYYYYYYYYYYYYYYCCCCCCC
PPPYYYYYYYYYYYYYYYCCCCCCC
PPPXXXXXXXXXXXXXXXZZZZZZZ
PPPKKKKKKKKKKKKKKKZZZZZZZ
GGGKKKKKKKKKKKKKKKZZZZZZZ
GGGLLLLLLLLLLLLLLLLLDDDDD
GGGLLLLLLLLLLLLLLLLLWWWWW
GGGLLLLLLLLLLLLLLLLLWWWWW
GGGLLLLLLLLLLLLLLLLLWWWWW
GGGLLLLLLLLLLLLLLLLLWWWWW
EEETTTTTTTTTTTTTTTTTWWWWW
EEENNNNNNNNNNNNNNNNNWWWWW
EEENNNNNNNNNNNNNNNNNWWWWW
EEENNNNNNNNNNNNNNNNNWWWWW
EEEFFFFFFFFFFFFFFFFFWWWWW
EEEVVVVVVVVVVVVVVVQQWWWWW
EEEVVVVVVVVVVVVVVVQQWWWWW
EEEVVVVVVVVVVVVVVVQQWWWWW
EEEBBBBBBBBBBBBBBBBUURRRR
EEEOOOOOOJJJJJJJSSSUURRRR
EEEOOOOOOHHHHHIISSSUURRRR
EEEAAAAAAHHHHHIISSSUURRRR
EEEAAAAAAHHHHHIISSSUURRRR
EEEAAAAAAHHHHHIISSSUURRRR
EEEAAAAAAHHHHHIIMMMUURRRR
Case #33:
AAAAAAAAAAAAAAAAAAAAAAABB
AAAAAAAAAAAAAAAAAAAAAAABB
AAAAAAAAAAAAAAAAAAAAAAABB
AAAAAAAAAAAAAAAAAAAAAAABB
AAAAAAAAAAAAAAAAAAAAAAABB
AAAAAAAAAAAAAAAAAAAAAAABB
AAAAAAAAAAAAAAAAAAAAAAABB
AAAAAAAAAAAAAAAAAAAAAAABB
AAAAAAAAAAAAAAAAAAAAAAABB
AAAAAAAAAAAAAAAAAAAAAAABB
AAAAAAAAAAAAAAAAAAAAAAABB
AAAAAAAAAAAAAAAAAAAAAAABB
AAAAAAAAAAAAAAAAAAAAAAABB
AAAAAAAAAAAAAAAAAAAAAAABB
AAAAAAAAAAAAAAAAAAAAAAABB
AAAAAAAAAAAAAAAAAAAAAAABB
AAAAAAAAAAAAAAAAAAAAAAABB
AAAAAAAAAAAAAAAAAAAAAAABB
AAAAAAAAAAAAAAAAAAAAAAABB
AAAAAAAAAAAAAAAAAAAAAAABB
CCCCCCCCCCCCCCCCCCCCCCCBB
CCCCCCCCCCCCCCCCCCCCCCCDD
EEEEEEEEEEEEEEEEEEEEEEEDD
EEEEEEEEEEEEEEEEEEEEEEEDD
EEEEEEEEEEEEEEEEEEEEEEEDD
Case #34:
AAAAAAAAAAAAAAAAAAAAAAAAA
BBBBBBBBBBBBBBBBBBBBBBBBB
CCCCCCCCCCCCCCCCCCCCCCCCC
DDDDDDDDDDDDDDDDDDDDDDDDD
EEEEEEEEEEEEEEEEEEEEEEEEE
FFFFFFFFFFFFFFFFFFFFFFFFF
GGGGGGGGGGGGGGGGGGGGGGGGG
HHHHHHHHHHHHHHHHHHHHHHHHH
IIIIIIIIIIIIIIIIIIIIIIIII
JJJJJJJJJJJJJJJJJJJJJJJJJ
KKKKKKKKKKKKKKKKKKKKKKKKK
LLLLLLLLLLLLLLLLLLLLLLLLL
MMMMMMMMMMMMMMMMMMMMMMMMM
NNNNNNNNNNNNNNNNNNNNNNNNN
OOOOOOOOOOOOOOOOOOOOOOOOO
PPPPPPPPPPPPPPPPPPPPPPPPP
QQQQQQQQQQQQQQQQQQQQQQQQQ
RRRRRRRRRRRRRRRRRRRRRRRRR
SSSSSSSSSSSSSSSSSSSSSSSSS
TTTTTTTTTTTTTTTTTTTTTTTTT
UUUUUUUUUUUUUUUUUUUUUUUUU
VVVVVVVVVVVVVVVVVVVVVVVVV
WWWWWWWWWWWWWWWWWWWWWWWWW
XXXXXXXXXXXXXXXXXXXXXXXXX
YYYYYYYYYYYYYYYYYYYYYYYYY
Case #35:
LLLLLLLLLLLLLLLLLLLLLLLLL
LLLLLLLLLLLLLLLLLLLLLLLLL
YYYYYYYYYYYYYYYYYYYYYYYYY
YYYYYYYYYYYYYYYYYYYYYYYYY
KKKKKKKKKKKKKKKKKJJJJJJJJ
UUUUUUUUUUUUUUUUEJJJJJJJJ
UUUUUUUUUUUUUUUUESSSSSSGG
UUUUUUUUUUUUUUUUESSSSSSVV
QQQQQQQQQQQQQQDDESSSSSSCC
WWWWWWWWWWWWWWDDESSSSSSCC
IIIIIIIIIIIIMMDDESSSSSSCC
IIIIIIIIIIIIMMDDENNNNNNCC
IIIIIIIIIIIIMMDDENNNNNNCC
IIIIIIIIIIIIMMDDENNNNNNCC
IIIIIIIIIIIIMMDDENNNNNNCC
ZZZZZZZZZZZZMMDDEPPPPPPCC
ZZZZZZZZZZZZMMDDEPPPPPPCC
BBBBBBBBBBBOTTDDEPPPPPPCC
BBBBBBBBBBBOTTDDEPPPPPPCC
XXXXXXXXXXXOTTHHEPPPPPPCC
XXXXXXXXXXXOTTHHEPPPPPPCC
XXXXXXXXXXXORRHHEPPPPPPCC
XXXXXXXXXXXFRRHHEPPPPPPCC
XXXXXXXXXXXFRRHHEAAAAAACC
XXXXXXXXXXXFRRHHEAAAAAACC
Case #36:
AABBCCDDEEFFGGHHIIJJKKLLM
NNNOOPPQQRRSSTTUUVVWWXXYM
ZZZOOPPQQRRSSTTUUVVWWXXYM
ZZZOOPPQQRRSSTTUUVVWWXXYM
ZZZOOPPQQRRSSTTUUVVWWXXYM
ZZZOOPPQQRRSSTTUUVVWWXXYM
ZZZOOPPQQRRSSTTUUVVWWXXYM
ZZZOOPPQQRRSSTTUUVVWWXXYM
ZZZOOPPQQRRSSTTUUVVWWXXYM
ZZZOOPPQQRRSSTTUUVVWWXXYM
ZZZOOPPQQRRSSTTUUVVWWXXYM
ZZZOOPPQQRRSSTTUUVVWWXXYM
ZZZOOPPQQRRSSTTUUVVWWXXYM
ZZZOOPPQQRRSSTTUUVVWWXXYM
ZZZOOPPQQRRSSTTUUVVWWXXYM
ZZZOOPPQQRRSSTTUUVVWWXXYM
ZZZOOPPQQRRSSTTUUVVWWXXYM
ZZZOOPPQQRRSSTTUUVVWWXXYM
ZZZOOPPQQRRSSTTUUVVWWXXYM
ZZZOOPPQQRRSSTTUUVVWWXXYM
ZZZOOPPQQRRSSTTUUVVWWXXYM
ZZZOOPPQQRRSSTTUUVVWWXXYM
ZZZOOPPQQRRSSTTUUVVWWXXYM
ZZZOOPPQQRRSSTTUUVVWWXXYM
ZZZOOPPQQRRSSTTUUVVWWXXYM
Case #37:
KKKKKKKKKKKKKKKKKKKKKKKKK
KKKKKKKKKKKKKKKKKKKKKKKKK
KKKKKKKKKKKKKKKKKKKKKKKKK
KKKKKKKKKKKKKKKKKKKKKKKKK
KKKKKKKKKKKKKKKKKKKKKKKKK
KKKKKKKKKKKKKKKKKKKKKKKKK
KKKKKKKKKKKKKKKKKKKKKKKKK
KKKKKKKKKKKKKKKKKKKKKKKKK
KKKKKKKKKKKKKKKKKKKKKKKKK
XXXXXXXXXXXXXXXXXXXXXXXXX
XXXXXXXXXXXXXXXXXXXXXXXXX
FFFFFFFFFFFFFFFFFFFFHHHHM
FFFFFFFFFFFFFFFFFFFFCCCCM
AAAAAAAAAAAAAAAAAAAAZSSSO
BBBBBBBBBBBBBBBBBBBBLSSSO
GGGGGGGGGGGGGGGGTTTTLSSSO
GGGGGGGGGGGGGGGGTTTTLSSSU
GGGGGGGGGGGGGGGGEEEEYRRRU
GGGGGGGGGGGGGGGGEEEEYPPPU
GGGGGGGGGGGGGGGGNNWJIIDDU
GGGGGGGGGGGGGGGGNNWQIIDDU
GGGGGGGGGGGGGGGGNNWQIIDDV
GGGGGGGGGGGGGGGGNNWQIIDDV
GGGGGGGGGGGGGGGGNNWQIIDDV
GGGGGGGGGGGGGGGGNNWQIIDDV
Case #38:
AAAAAAACCCCCCCCCCCCCCCCCC
AAAAAAACCCCCCCCCCCCCCCCCC
AAAAAAACCCCCCCCCCCCCCCCCC
AAAAAAACCCCCCCCCCCCCCCCCC
AAAAAAACCCCCCCCCCCCCCCCCC
AAAAAAACCCCCCCCCCCCCCCCCC
AAAAAAACCCCCCCCCCCCCCCCCC
AAAAAAAEEEEEEEEEEEEEEEEEE
AAAAAAAEEEEEEEEEEEEEEEEEE
AAAAAAAEEEEEEEEEEEEEEEEEE
AAAAAAAEEEEEEEEEEEEEEEEEE
BBBBBBBBDDDDDDDDDDDDDDDDD
BBBBBBBBDDDDDDDDDDDDDDDDD
BBBBBBBBFFFFFFFFFFFFGGGGG
BBBBBBBBHHHHHHHHHHHHGGGGG
BBBBBBBBHHHHHHHHHHHHIIIII
BBBBBBBBJJJJJJJJJJJJIIIII
BBBBBBBBJJJJJJJJJJJJIIIII
BBBBBBBBJJJJJJJJJJJJIIIII
BBBBBBBBJJJJJJJJJJJJIIIII
BBBBBBBBJJJJJJJJJJJJIIIII
BBBBBBBBJJJJJJJJJJJJIIIII
BBBBBBBBJJJJJJJJJJJJIIIII
BBBBBBBBJJJJJJJJJJJJIIIII
BBBBBBBBJJJJJJJJJJJJIIIII
Case #39:
SSSSSCCCCCCCCCCCCHHHHHHHH
SSSSSDDDDDDDDDDDMHHHHHHHH
TTTTTDDDDDDDDDDDMHHHHHHHH
TTTTTJJJJJJJJJJJMRRRRRRRR
TTTTTJJJJJJJJJJJMRRRRRRRR
LLLLLJJJJJJJJJJJMRRRRRRRR
LLLLLJJJJJJJJJJJMRRRRRRRR
LLLLLJJJJJJJJJJJMRRRRRRRR
LLLLLJJJJJJJJJJJMRRRRRRRR
KKKKKJJJJJJJJJJJMRRRRRRRR
KKKKKJJJJJJJJJJJMXXXXXXXX
VVVVVVVVIIIIIZZZMXXXXXXXX
VVVVVVVVGGGGGZZZMXXXXXXXX
WWWWWWWWGGGGGZZZMXXXXXXXX
WWWWWWWWGGGGGYYYMXXXXXXXX
WWWWWWWWGGGGGYYYNXXXXXXXX
WWWWWWWWGGGGGYYYNXXXXXXXX
WWWWWWWWGGGGGBBBNXXXXXXXX
WWWWWWWWPPPPPBBBNXXXXXXXX
UUUUUUUUPPPPPBBBNXXXXXXXX
UUUUUUUUPPPPPBBBNXXXXXXXX
QQQQQQQQPPPPPBBBNAAAAAAAA
QQQQQQQQPPPPPBBBNFFFFFFFF
QQQQQQQQPPPPPBBBNEEEEEEEE
QQQQQQQQPPPPPBBBNOOOOOOOO
Case #40:
BBTKM
QSRPJ
VADLJ
WHFUE
CIOGN
Case #41:
AAAAAAACCCCCCCCCCCCCCCCCC
AAAAAAACCCCCCCCCCCCCCCCCC
AAAAAAACCCCCCCCCCCCCCCCCC
AAAAAAACCCCCCCCCCCCCCCCCC
AAAAAAACCCCCCCCCCCCCCCCCC
AAAAAAACCCCCCCCCCCCCCCCCC
AAAAAAACCCCCCCCCCCCCCCCCC
AAAAAAACCCCCCCCCCCCCCCCCC
AAAAAAACCCCCCCCCCCCCCCCCC
AAAAAAACCCCCCCCCCCCCCCCCC
AAAAAAACCCCCCCCCCCCCCCCCC
AAAAAAACCCCCCCCCCCCCCCCCC
AAAAAAACCCCCCCCCCCCCCCCCC
AAAAAAAEEEEEEEEEEEEEEEEEE
AAAAAAAEEEEEEEEEEEEEEEEEE
AAAAAAAEEEEEEEEEEEEEEEEEE
AAAAAAAEEEEEEEEEEEEEEEEEE
BBBBBBBBDDDDDDDDDDDDDDDDD
BBBBBBBBDDDDDDDDDDDDDDDDD
BBBBBBBBDDDDDDDDDDDDDDDDD
BBBBBBBBDDDDDDDDDDDDDDDDD
BBBBBBBBDDDDDDDDDDDDDDDDD
BBBBBBBBDDDDDDDDDDDDDDDDD
BBBBBBBBDDDDDDDDDDDDDDDDD
BBBBBBBBDDDDDDDDDDDDDDDDD
Case #42:
ABCDEFGHIJKLMNOPQRSTUVWXY
ABCDEFGHIJKLMNOPQRSTUVWXY
ABCDEFGHIJKLMNOPQRSTUVWXY
ABCDEFGHIJKLMNOPQRSTUVWXY
ABCDEFGHIJKLMNOPQRSTUVWXY
ABCDEFGHIJKLMNOPQRSTUVWXY
ABCDEFGHIJKLMNOPQRSTUVWXY
ABCDEFGHIJKLMNOPQRSTUVWXY
ABCDEFGHIJKLMNOPQRSTUVWXY
ABCDEFGHIJKLMNOPQRSTUVWXY
ABCDEFGHIJKLMNOPQRSTUVWXY
ABCDEFGHIJKLMNOPQRSTUVWXY
ABCDEFGHIJKLMNOPQRSTUVWXY
ABCDEFGHIJKLMNOPQRSTUVWXY
ABCDEFGHIJKLMNOPQRSTUVWXY
ABCDEFGHIJKLMNOPQRSTUVWXY
ABCDEFGHIJKLMNOPQRSTUVWXY
ABCDEFGHIJKLMNOPQRSTUVWXY
ABCDEFGHIJKLMNOPQRSTUVWXY
ABCDEFGHIJKLMNOPQRSTUVWXY
ABCDEFGHIJKLMNOPQRSTUVWXY
ABCDEFGHIJKLMNOPQRSTUVWXY
ABCDEFGHIJKLMNOPQRSTUVWXY
ABCDEFGHIJKLMNOPQRSTUVWXY
ABCDEFGHIJKLMNOPQRSTUVWXY
Case #43:
VVVVVVVVVVVVVVVVVVVVVVVVV
VVVVVVVVVVVVVVVVVVVVVVVVV
VVVVVVVVVVVVVVVVVVVVVVVVV
VVVVVVVVVVVVVVVVVVVVVVVVV
VVVVVVVVVVVVVVVVVVVVVVVVV
VVVVVVVVVVVVVVVVVVVVVVVVV
VVVVVVVVVVVVVVVVVVVVVVVVV
VVVVVVVVVVVVVVVVVVVVVVVVV
VVVVVVVVVVVVVVVVVVVVVVVVV
VVVVVVVVVVVVVVVVVVVVVVVVV
VVVVVVVVVVVVVVVVVVVVVVVVV
VVVVVVVVVVVVVVVVVVVVVVVVV
VVVVVVVVVVVVVVVVVVVVVVVVV
VVVVVVVVVVVVVVVVVVVVVVVVV
VVVVVVVVVVVVVVVVVVVVVVVVV
VVVVVVVVVVVVVVVVVVVVVVVVV
VVVVVVVVVVVVVVVVVVVVVVVVV
HHHHHHHHHHHHHHHHHHHHHHHHH
MMMMMMMMEEEEEEEEEEEEEEEEE
JJJJJJBREEEEEEEEEEEEEEEEE
AAAGKXBUQTSSSSSSSSSSSSSSS
IIIGOWBYQNSSSSSSSSSSSSSSS
PPPGODBLQNSSSSSSSSSSSSSSS
PPPZODBLQNSSSSSSSSSSSSSSS
PPPZFCBLQNSSSSSSSSSSSSSSS
Case #44:
AAAAAAAAAAAAAAAAAAAAAAAAA
BBBBBBBBBBBBBBBBBBBBBBBBB
CCCCCCCCCCCCCCCCCCCCCCCCC
DDDDDDDDDDDDDDDDDDDDDDDDD
EEEEEEEEEEEEEEEEEEEEEEEEE
FFFFFFFFFFFFFFFFFFFFFFFFF
GGGGGGGGGGGGGGGGGGGGGGGGG
HHHHHHHHHHHHHHHHHHHHHHHHH
IIIIIIIIIIIIIIIIIIIIIIIII
JJJJJJJJJJJJJJJJJJJJJJJJJ
KKKKKKKKKKKKKKKKKKKKKKKKK
LLLLLLLLLLLLLLLLLLLLLLLLL
MMMMMMMMMMMMMMMMMMMMMMMMM
NNNNNNNNNNNNNNNNNNNNNNNNN
OOOOOOOOOOOOOOOOOOOOOOOOO
PPPPPPPPPPPPPPPPPPPPPPPPP
QQQQQQQQQQQQQQQQQQQQQQQQQ
RRRRRRRRRRRRRRRRRRRRRRRRR
SSSSSSSSSSSSSSSSSSSSSSSSS
TTTTTTTTTTTTTTTTTTTTTTTTT
UUUUUUUUUUUUUUUUUUUUUUUUU
VVVVVVVVVVVVVVVVVVVVVVVVV
WWWWWWWWWWWWWWWWWWWWWWWWW
XXXXXXXXXXXXXXXXXXXXXXXXX
YYYYYYYYYYYYYYYYYYYYYYYYY
Case #45:
ABCDEFGHIJKLMNOPQRSTUVWXY
ABCDEFGHIJKLMNOPQRSTUVWXY
ABCDEFGHIJKLMNOPQRSTUVWXY
ABCDEFGHIJKLMNOPQRSTUVWXY
ABCDEFGHIJKLMNOPQRSTUVWXY
ABCDEFGHIJKLMNOPQRSTUVWXY
ABCDEFGHIJKLMNOPQRSTUVWXY
ABCDEFGHIJKLMNOPQRSTUVWXY
ABCDEFGHIJKLMNOPQRSTUVWXY
ABCDEFGHIJKLMNOPQRSTUVWXY
ABCDEFGHIJKLMNOPQRSTUVWXY
ABCDEFGHIJKLMNOPQRSTUVWXY
ABCDEFGHIJKLMNOPQRSTUVWXY
ABCDEFGHIJKLMNOPQRSTUVWXY
ABCDEFGHIJKLMNOPQRSTUVWXY
ABCDEFGHIJKLMNOPQRSTUVWXY
ABCDEFGHIJKLMNOPQRSTUVWXY
ABCDEFGHIJKLMNOPQRSTUVWXY
ABCDEFGHIJKLMNOPQRSTUVWXY
ABCDEFGHIJKLMNOPQRSTUVWXY
ABCDEFGHIJKLMNOPQRSTUVWXY
ABCDEFGHIJKLMNOPQRSTUVWXY
ABCDEFGHIJKLMNOPQRSTUVWXY
ABCDEFGHIJKLMNOPQRSTUVWXY
ABCDEFGHIJKLMNOPQRSTUVWXY
Case #46:
YYYYYYYYYYYYYYYYYYYYYYYYY
YYYYYYYYYYYYYYYYYYYYYYYYY
YYYYYYYYYYYYYYYYYYYYYYYYY
YYYYYYYYYYYYYYYYYYYYYYYYY
NNNNNNNNNNNNNNNNNNNNNVVVV
NNNNNNNNNNNNNNNNNNNNNVVVV
PPPPPPPPPPPPPPPPPPPPPPZZZ
HHHHHHHHHHHHHHHHHHHHHHZZZ
HHHHHHHHHHHHHHHHHHHHHHZZZ
MMMMMMMMMMMMMMMMMMMMMMZZZ
UUUUUUUUUUUUUUUUUUUUUUZZZ
TTTTTTTTTTTTTXXXXXXLLRZZZ
QQQQQQQQQQQQQXXXXXXLLRZZZ
QQQQQQQQQQQQQXXXXXXLLRZZZ
QQQQQQQQQQQQQXXXXXXCCRZZZ
DDDDDDDDDDDDDXXXXXXCCRZZZ
WWWWWWWWWWWWWXXXXXXCCEZZZ
JJJJJJJJJJJJJXXXXXXCCEKKK
JJJJJJJJJJJJJXXXXXXCCEKKK
JJJJJJJJJJJJJXXXXXXCCSKKK
JJJJJJJJJJJJJXXXXXXCCSKKK
JJJJJJJJJJJJJXXXXXXGBSKKK
FFFFFFFFFFFFFXXXXXXGBSKKK
OOOOOOOOOOOOOXXXXXXGBSAAA
IIIIIIIIIIIIIXXXXXXGBSAAA
Case #47:
AAAAAAAAAAAAAAAAABBBBBBBB
AAAAAAAAAAAAAAAAABBBBBBBB
AAAAAAAAAAAAAAAAABBBBBBBB
AAAAAAAAAAAAAAAAABBBBBBBB
AAAAAAAAAAAAAAAAABBBBBBBB
AAAAAAAAAAAAAAAAABBBBBBBB
AAAAAAAAAAAAAAAAABBBBBBBB
AAAAAAAAAAAAAAAAABBBBBBBB
AAAAAAAAAAAAAAAAABBBBBBBB
AAAAAAAAAAAAAAAAABBBBBBBB
AAAAAAAAAAAAAAAAABBBBBBBB
AAAAAAAAAAAAAAAAABBBBBBBB
AAAAAAAAAAAAAAAAABBBBBBBB
AAAAAAAAAAAAAAAAABBBBBBBB
AAAAAAAAAAAAAAAAABBBBBBBB
AAAAAAAAAAAAAAAAABBBBBBBB
AAAAAAAAAAAAAAAAABBBBBBBB
AAAAAAAAAAAAAAAAABBBBBBBB
AAAAAAAAAAAAAAAAABBBBBBBB
AAAAAAAAAAAAAAAAABBBBBBBB
AAAAAAAAAAAAAAAAABBBBBBBB
AAAAAAAAAAAAAAAAABBBBBBBB
CCCCCCCCCCCCCCCCCBBBBBBBB
CCCCCCCCCCCCCCCCCDDDDDDDD
EEEEEEEEEEEEEEEEEDDDDDDDD
Case #48:
HHHHHHHHHHHHHHHHHHHHHHHHH
HHHHHHHHHHHHHHHHHHHHHHHHH
EEEEEEEEEEEEEEEEEEIIIIIII
NNNNNNNNNNNNNNNNNNIIIIIII
NNNNNNNNNNNNNNNNNNIIIIIII
UUUUUUUUUUUUUUVCCCCCZZZZZ
AAAAAAAAAAAAAAVCCCCCZZZZZ
RRRRRBBBBBBBBBVCCCCCZZZZZ
RRRRRBBBBBBBBBVCCCCCZZZZZ
RRRRRBBBBBBBBBVCCCCCZZZZZ
RRRRRBBBBBBBBBVCCCCCZZZZZ
LLLLLBBBBBBBBBVSSSSSSSSSP
LLLLLBBBBBBBBBVSSSSSSSSSP
LLLLLYYYYYYYYYVSSSSSSSSSP
LLLLLYYYYYYYYYVSSSSSSSSSP
LLLLLYYYYYYYYYVSSSSSSSSSP
FFFFFFFFFFKKKKVSSSSSSSSSG
FFFFFFFFFFKKKKVSSSSSSSSSG
FFFFFFFFFFKKKKVJJJJJJJJOG
XXXXXXXXXXKKKKVJJJJJJJJOG
XXXXXXXXXXKKKKVJJJJJJJJOG
TTTTTTTTTTKKKKVJJJJJJJJOG
TTTTTTTTTTKKKKVDDDDDDDDOM
TTTTTTTTTTKKKKVDDDDDDDDOM
QQQQWWWWWWKKKKVDDDDDDDDOM
Case #49:
AAAAAAAAAAAAAAAAAAAAAAAAA
BBBBBBBBBBBBBBBBBBBBBBBBB
CCCCCCCCCCCCCCCCCCCCCCCCC
DDDDDDDDDDDDDDDDDDDDDDDDD
EEEEEEEEEEEEEEEEEEEEEEEEE
FFFFFFFFFFFFFFFFFFFFFFFFF
GGGGGGGGGGGGGGGGGGGGGGGGG
HHHHHHHHHHHHHHHHHHHHHHHHH
IIIIIIIIIIIIIIIIIIIIIIIII
JJJJJJJJJJJJJJJJJJJJJJJJJ
KKKKKKKKKKKKKKKKKKKKKKKKK
LLLLLLLLLLLLLLLLLLLLLLLLL
MMMMMMMMMMMMMMMMMMMMMMMMM
NNNNNNNNNNNNNNNNNNNNNNNNN
OOOOOOOOOOOOOOOOOOOOOOOOO
PPPPPPPPPPPPPPPPPPPPPPPPP
QQQQQQQQQQQQQQQQQQQQQQQQQ
RRRRRRRRRRRRRRRRRRRRRRRRR
SSSSSSSSSSSSSSSSSSSSSSSSS
TTTTTTTTTTTTTTTTTTTTTTTTT
UUUUUUUUUUUUUUUUUUUUUUUUU
VVVVVVVVVVVVVVVVVVVVVVVVV
WWWWWWWWWWWWWWWWWWWWWWWWW
XXXXXXXXXXXXXXXXXXXXXXXXX
YYYYYYYYYYYYYYYYYYYYYYYYY
Case #50:
D
D
D
D
D
B
B
B
C
A
K
K
K
G
I
L
L
H
H
E
F
J
J
J
M
Case #51:
PPPPPPPPPPPPPPPPPPPPPPPPP
RRRRRRRRRRRRRRFFFTTTTTTTT
WWWWWWWWWWWWWWFFFTTTTTTTT
WWWWWWWWWWWWWWFFFTTTTTTTT
WWWWWWWWWWWWWWFFFTTTTTTTT
QQQQQQQQQQQQQQFFFTTTTTTTT
QQQQQQQQQQQQQQNNNTTTTTTTT
BBBBBBBBBBBBBBNNNTTTTTTTT
CCCCCCCCCCCCCCNNNTTTTTTTT
YYYYYYYYYYYYYYNNNTTTTTTTT
YYYYYYYYYYYYYYNNNHHHHIIII
YYYYYYYYYYYYYYNNNHHHHIIII
YYYYYYYYYYYYYYNNNHHHHIIII
YYYYYYYYYYYYYYNNNHHHHIIII
SSSSSSSSSSSSSSNNNHHHHIIII
SSSSSSSSSSSSSSNNNHHHHIIII
SSSSSSSSSSSSSSNNNDDDDIIII
JJJJJJJJJJJJJJNNNGGGGIIII
JJJJJJJJJJJJJJNNNGGGGIIII
JJJJJJJJJJJJJJNNNGGGGLLLL
MMMMMMMMMMMMMMNNNGGGGLLLL
KKKKKKKKKKKKKKNNNGGGGLLLL
ZZZZZZZZZZZZZZZVVGGGGLLLL
OOOOOOOOOOOOOOOVVXXXXXXXU
EEEEEEEEEEEEEEEVVAAAAAAAU
Case #52:
TTTTTTTTTTTTTTTVVYYYYYYYY
ZZZZZZZZZZZZZJJVVYYYYYYYY
FFFFFFFFFFBBCCXEQYYYYYYYY
FFFFFFFFFFWWCCXEQOOOOOOOO
FFFFFFFFFFWWCCXEQPPPUUUUU
FFFFFFFFFFWWCCXEQPPPSSSSS
FFFFFFFFFFMMCCXEQKKKSSSSS
HHHHHHHHHHMMCCXEQKKKSSSSS
HHHHHHHHHHMMLLREIKKKSSSSS
HHHHHHHHHHMMGNREAKKKSSSSS
HHHHHHHHHHMMGNREAKKKSSSSS
HHHHHHHHHHMMGNRDAKKKSSSSS
HHHHHHHHHHMMGNRDAKKKSSSSS
HHHHHHHHHHMMGNRDAKKKSSSSS
HHHHHHHHHHMMGNRDAKKKSSSSS
HHHHHHHHHHMMGNRDAKKKSSSSS
HHHHHHHHHHMMGNRDAKKKSSSSS
HHHHHHHHHHMMGNRDAKKKSSSSS
HHHHHHHHHHMMGNRDAKKKSSSSS
HHHHHHHHHHMMGNRDAKKKSSSSS
HHHHHHHHHHMMGNRDAKKKSSSSS
HHHHHHHHHHMMGNRDAKKKSSSSS
HHHHHHHHHHMMGNRDAKKKSSSSS
HHHHHHHHHHMMGNRDAKKKSSSSS
HHHHHHHHHHMMGNRDAKKKSSSSS
Case #53:
CD
AB
Case #54:
AABB
CCBB
DDEE
Case #55:
EEEEEEEEEEEEEEEAAAAAAAAAA
VVVVVVVVVVVVVVVVVVVVVVSKK
FFFFFFFFFFFFFFFFPPPPPPSKK
FFFFFFFFFFFFFFFFPPPPPPWKK
DDDDDDDDDDDDDDDDPPPPPPWKK
DDDDDDDDDDDDDDDDPPPPPPWKK
XXXXXXXXXXXXXXXXPPPPPPWKK
XXXXXXXXXXXXXXXXUUUUUUWKK
XXXXXXXXXXXXXXXXUUUUUUWKK
MMMMMMMMMMMMMMMMUUUUUUWKK
ZZZZZZZZZZZZZZZZUUUUUUWJJ
GGGGGGGGGGGNNNNNUUUUUUWOO
RRRRRRRRRRRNNNNNUUUUUUWOO
RRRRRRRRRRRNNNNNUUUUUUWOO
YYYYYYTTTTTNNNNNHHHHHHWOO
YYYYYYCCCCCNNNNNHHHHHHWOO
YYYYYYCCCCCNNNNNHHHHHHWOO
YYYYYYCCCCCNNNNNHHHHHHWOO
YYYYYYBBBBBNNNNNHHHHHHWOO
YYYYYYBBBBBNNNNNHHHHHHWOO
YYYYYYBBBBBNNNNNHHHHHHWOO
YYYYYYBBBBBIIIIIHHHHHHWOO
YYYYYYBBBBBIIIIIHHHHHHWOO
YYYYYYBBBBBQQQQQHHHHHHWOO
LLLLLLBBBBBQQQQQHHHHHHWOO
Case #56:
AAAAAAAAAAABBBBBBBBBBBBBB
AAAAAAAAAAABBBBBBBBBBBBBB
AAAAAAAAAAABBBBBBBBBBBBBB
CCCCCCCCCCCBBBBBBBBBBBBBB
CCCCCCCCCCCDDDDDDDDDDDDDD
EEEEEEEEEEEDDDDDDDDDDDDDD
EEEEEEEEEEEDDDDDDDDDDDDDD
EEEEEEEEEEEDDDDDDDDDDDDDD
EEEEEEEEEEEDDDDDDDDDDDDDD
EEEEEEEEEEEDDDDDDDDDDDDDD
EEEEEEEEEEEDDDDDDDDDDDDDD
EEEEEEEEEEEDDDDDDDDDDDDDD
EEEEEEEEEEEDDDDDDDDDDDDDD
EEEEEEEEEEEDDDDDDDDDDDDDD
EEEEEEEEEEEDDDDDDDDDDDDDD
EEEEEEEEEEEDDDDDDDDDDDDDD
EEEEEEEEEEEDDDDDDDDDDDDDD
EEEEEEEEEEEDDDDDDDDDDDDDD
EEEEEEEEEEEDDDDDDDDDDDDDD
EEEEEEEEEEEFFHHHHHHHHHHHH
EEEEEEEEEEEFFJJJJJJJJJJJJ
EEEEEEEEEEEFFJJJJJJJJJJJJ
EEEEEEEEEEEFFJJJJJJJJJJJJ
EEEEEEEEEEEFFJJJJJJJJJJJJ
EEEEEEEEEEEGGGIIIIIIIIIII
Case #57:
BBBBBBBBBBBBBBBBBBBBBBBBB
BBBBBBBBBBBBBBBBBBBBBBBBB
BBBBBBBBBBBBBBBBBBBBBBBBB
CCCCCCCCCCCCCCCCCCCCCCCCC
CCCCCCCCCCCCCCCCCCCCCCCCC
PPPPPPPPPPPPPPPPPPPPPNNNN
PPPPPPPPPPPPPPPPPPPPPNNNN
GGGGGGGGGGGGGGGGGGGGGNNNN
YYYYYYYUUUUUUUUUUUUUUUUUR
YYYYYYYUUUUUUUUUUUUUUUUUR
YYYYYYYZZZZZZWWWWLLLLLLLR
YYYYYYYZZZZZZWWWWAAAAAAAH
YYYYYYYZZZZZZWWWWOOOOOOOF
YYYYYYYMMMMMMWWWWOOOOOOOF
JJJJJJJMMMMMMWWWWOOOOOOOF
DDDDDDDMMMMMMTTTTOOOOOOOF
DDDDDDDEEEEEETTTTQQQQQQQF
DDDDDDDEEEEEEXXXXQQQQQQQF
SSSSSSSEEEEEEXXXXQQQQQQQF
SSSSSSSEEEEEEXXXXQQQQQQQF
SSSSSSSEEEEEEXXXXQQQQQQQF
SSSSSSSEEEEEEXXXXQQQQQQQF
SSSSSSSVVVVVVXXXXQQQQQQQF
KKKKKKKKKKKIIXXXXQQQQQQQF
KKKKKKKKKKKIIXXXXQQQQQQQF
Case #58:
GGGG
CCCC
FADD
FEHH
FBHH
FBHH
Case #59:
AAACCCCCCCCCCCCCCCCCCCCCC
AAACCCCCCCCCCCCCCCCCCCCCC
AAACCCCCCCCCCCCCCCCCCCCCC
AAACCCCCCCCCCCCCCCCCCCCCC
AAACCCCCCCCCCCCCCCCCCCCCC
AAACCCCCCCCCCCCCCCCCCCCCC
AAACCCCCCCCCCCCCCCCCCCCCC
AAACCCCCCCCCCCCCCCCCCCCCC
AAACCCCCCCCCCCCCCCCCCCCCC
AAACCCCCCCCCCCCCCCCCCCCCC
AAACCCCCCCCCCCCCCCCCCCCCC
AAACCCCCCCCCCCCCCCCCCCCCC
AAAEEEEEEEEEEEEEEEEEEEEEE
AAAEEEEEEEEEEEEEEEEEEEEEE
AAAEEEEEEEEEEEEEEEEEEEEEE
AAAEEEEEEEEEEEEEEEEEEEEEE
BBBBDDDDDDDDDDDDDDDDDDDDD
BBBBDDDDDDDDDDDDDDDDDDDDD
BBBBDDDDDDDDDDDDDDDDDDDDD
BBBBDDDDDDDDDDDDDDDDDDDDD
BBBBDDDDDDDDDDDDDDDDDDDDD
BBBBDDDDDDDDDDDDDDDDDDDDD
BBBBDDDDDDDDDDDDDDDDDDDDD
BBBBDDDDDDDDDDDDDDDDDDDDD
BBBBDDDDDDDDDDDDDDDDDDDDD
Case #60:
AAAAAAAAACCCCCCCCCCCCCCCC
AAAAAAAAACCCCCCCCCCCCCCCC
AAAAAAAAACCCCCCCCCCCCCCCC
AAAAAAAAACCCCCCCCCCCCCCCC
AAAAAAAAACCCCCCCCCCCCCCCC
AAAAAAAAACCCCCCCCCCCCCCCC
AAAAAAAAAEEEEEEEEEEEEEEEE
AAAAAAAAAEEEEEEEEEEEEEEEE
AAAAAAAAAEEEEEEEEEEEEEEEE
AAAAAAAAAEEEEEEEEEEEEEEEE
BBBBBBBBBBDDDDDDDDDDDDDDD
BBBBBBBBBBDDDDDDDDDDDDDDD
BBBBBBBBBBDDDDDDDDDDDDDDD
BBBBBBBBBBDDDDDDDDDDDDDDD
BBBBBBBBBBDDDDDDDDDDDDDDD
BBBBBBBBBBDDDDDDDDDDDDDDD
BBBBBBBBBBDDDDDDDDDDDDDDD
BBBBBBBBBBDDDDDDDDDDDDDDD
BBBBBBBBBBDDDDDDDDDDDDDDD
BBBBBBBBBBDDDDDDDDDDDDDDD
BBBBBBBBBBDDDDDDDDDDDDDDD
BBBBBBBBBBDDDDDDDDDDDDDDD
BBBBBBBBBBDDDDDDDDDDDDDDD
BBBBBBBBBBDDDDDDDDDDDDDDD
BBBBBBBBBBDDDDDDDDDDDDDDD
Case #61:
AAAAAAAAAABBBBBBBBBBBBBBB
AAAAAAAAAABBBBBBBBBBBBBBB
AAAAAAAAAABBBBBBBBBBBBBBB
AAAAAAAAAABBBBBBBBBBBBBBB
AAAAAAAAAABBBBBBBBBBBBBBB
CCCCCCCCCCBBBBBBBBBBBBBBB
CCCCCCCCCCDDDDDDDDDDDDDDD
EEEEEEEEEEDDDDDDDDDDDDDDD
EEEEEEEEEEDDDDDDDDDDDDDDD
EEEEEEEEEEDDDDDDDDDDDDDDD
EEEEEEEEEEDDDDDDDDDDDDDDD
EEEEEEEEEEDDDDDDDDDDDDDDD
EEEEEEEEEEDDDDDDDDDDDDDDD
EEEEEEEEEEDDDDDDDDDDDDDDD
EEEEEEEEEEDDDDDDDDDDDDDDD
EEEEEEEEEEFFFFFFFFFFFFHHH
EEEEEEEEEEFFFFFFFFFFFFJJJ
EEEEEEEEEEFFFFFFFFFFFFJJJ
EEEEEEEEEEFFFFFFFFFFFFJJJ
EEEEEEEEEEFFFFFFFFFFFFJJJ
EEEEEEEEEEGGGGGGGGGGGGGII
EEEEEEEEEEGGGGGGGGGGGGGII
EEEEEEEEEEGGGGGGGGGGGGGII
EEEEEEEEEEGGGGGGGGGGGGGII
EEEEEEEEEEGGGGGGGGGGGGGII
Case #62:
TTTTTTTTTTTTTUUUUUUUUUUU
TTTTTTTTTTTTTUUUUUUUUUUU
TTTTTTTTTTTTTUUUUUUUUUUU
TTTTTTTTTTTTTUUUUUUUUUUU
TTTTTTTTTTTTTGGGGGGGGGGG
MMMMMMMMMMMMMQQQQQQQQQQQ
VVVVVVVVVVVSSQQQQQQQQQQQ
VVVVVVVVVVVSSEEEEEEEEEEE
VVVVVVVVVVVSSEEEEEEEEEEE
JJJJJJJJJJJYYEEEEEEEEEEE
JJJJJJJJJJJYYEEEEEEEEEEE
JJJJJJJJJJJYYEEEEEEEEEEE
AAAAAAAAAAAYYPPPPPPPPPPP
AAAAAAAAAAAYYLLLLLLLLLLL
AAAAAAAAAAACCLLLLLLLLLLL
OOOOOOOOOOOCCBBBBBBBBBBB
OOOOOOOOOOOWWWWWWWWWWNNN
OOOOOOOOOOOWWWWWWWWWWNNN
OOOOOOOOOOOXXXXXXXXXXNNN
DHHHHHRRRRRXXXXXXXXXXNNN
DHHHHHRRRRRIIIIIIIKKKNNN
DHHHHHRRRRRIIIIIIIKKKNNN
DHHHHHRRRRRIIIIIIIKKKNNN
DHHHHHRRRRRIIIIIIIKKKNNN
DHHHHHRRRRRIIIIIIIFFFNNN
Case #63:
ABCDEFGHIJKLMNOPQRSTUVWXY
ABCDEFGHIJKLMNOPQRSTUVWXY
ABCDEFGHIJKLMNOPQRSTUVWXY
ABCDEFGHIJKLMNOPQRSTUVWXY
ABCDEFGHIJKLMNOPQRSTUVWXY
ABCDEFGHIJKLMNOPQRSTUVWXY
ABCDEFGHIJKLMNOPQRSTUVWXY
ABCDEFGHIJKLMNOPQRSTUVWXY
ABCDEFGHIJKLMNOPQRSTUVWXY
ABCDEFGHIJKLMNOPQRSTUVWXY
ABCDEFGHIJKLMNOPQRSTUVWXY
ABCDEFGHIJKLMNOPQRSTUVWXY
ABCDEFGHIJKLMNOPQRSTUVWXY
ABCDEFGHIJKLMNOPQRSTUVWXY
ABCDEFGHIJKLMNOPQRSTUVWXY
ABCDEFGHIJKLMNOPQRSTUVWXY
ABCDEFGHIJKLMNOPQRSTUVWXY
ABCDEFGHIJKLMNOPQRSTUVWXY
ABCDEFGHIJKLMNOPQRSTUVWXY
ABCDEFGHIJKLMNOPQRSTUVWXY
ABCDEFGHIJKLMNOPQRSTUVWXY
ABCDEFGHIJKLMNOPQRSTUVWXY
ABCDEFGHIJKLMNOPQRSTUVWXY
ABCDEFGHIJKLMNOPQRSTUVWXY
ABCDEFGHIJKLMNOPQRSTUVWXY
Case #64:
TTTTTTTTTTTTTTTTTTTTTTTTT
TTTTTTTTTTTTTTTTTTTTTTTTT
BBBBBBBBBBBBBBBBBBBBBBBBB
BBBBBBBBBBBBBBBBBBBBBBBBB
KKKKKKKKKKKXXXJJJJJJJJJJJ
NNNNNNNNNNNXXXJJJJJJJJJJJ
AAAAAAAAAMMMZZJJJJJJJJJJJ
AAAAAAAAARRRZZSSSSSSSSSSS
FFFFFFFFYDDPZZWWWWWWWWWWW
FFFFFFFFYUUPQVWWWWWWWWWWW
HHHHHHHEYUUPQCWWWWWWWWWWW
HHHHHHHLIUUPQCWWWWWWWWWWW
HHHHHHHLIUUPGCWWWWWWWWWWW
HHHHHHHLOUUPGCWWWWWWWWWWW
HHHHHHHLOUUPGCWWWWWWWWWWW
HHHHHHHLOUUPGCWWWWWWWWWWW
HHHHHHHLOUUPGCWWWWWWWWWWW
HHHHHHHLOUUPGCWWWWWWWWWWW
HHHHHHHLOUUPGCWWWWWWWWWWW
HHHHHHHLOUUPGCWWWWWWWWWWW
HHHHHHHLOUUPGCWWWWWWWWWWW
HHHHHHHLOUUPGCWWWWWWWWWWW
HHHHHHHLOUUPGCWWWWWWWWWWW
HHHHHHHLOUUPGCWWWWWWWWWWW
HHHHHHHLOUUPGCWWWWWWWWWWW
Case #65:
GGGGGGGGGGGGGGGGGGGGGGGGG
GGGGGGGGGGGGGGGGGGGGGGGGG
GGGGGGGGGGGGGGGGGGGGGGGGG
GGGGGGGGGGGGGGGGGGGGGGGGG
GGGGGGGGGGGGGGGGGGGGGGGGG
GGGGGGGGGGGGGGGGGGGGGGGGG
GGGGGGGGGGGGGGGGGGGGGGGGG
GGGGGGGGGGGGGGGGGGGGGGGGG
GGGGGGGGGGGGGGGGGGGGGGGGG
GGGGGGGGGGGGGGGGGGGGGGGGG
GGGGGGGGGGGGGGGGGGGGGGGGG
GGGGGGGGGGGGGGGGGGGGGGGGG
GGGGGGGGGGGGGGGGGGGGGGGGG
GGGGGGGGGGGGGGGGGGGGGGGGG
OOOOOOOOOOOOOOOOOOOVVVVVV
HHHHHHHHHHHHHHHHHBBVVVVVV
TTTTTTTTTTTTTTTTTBBVVVVVV
PPPPPPPPPPPPPPAAABBVVVVVV
RRRRRRRRRRRRXXXXKKNNNSSMM
RRRRRRRRRRRRZZZZKKNNNSSMM
RRRRRRRRRRRRLLLLKKFFFDDMM
RRRRRRRRRRRRCCCCCEEIIDDMM
RRRRRRRRRRRRWWYYYYJIIDDMM
UUUUUUUUUUUUWWYYYYJIIDDMM
UUUUUUUUUUUUWWQQQQJIIDDMM
Case #66:
AAA
AAA
AAA
DDB
EEC
Case #67:
ABCDEFGHIJKLMNOPQRSTUVWXY
ABCDEFGHIJKLMNOPQRSTUVWXY
ABCDEFGHIJKLMNOPQRSTUVWXY
ABCDEFGHIJKLMNOPQRSTUVWXY
ABCDEFGHIJKLMNOPQRSTUVWXY
ABCDEFGHIJKLMNOPQRSTUVWXY
ABCDEFGHIJKLMNOPQRSTUVWXY
ABCDEFGHIJKLMNOPQRSTUVWXY
ABCDEFGHIJKLMNOPQRSTUVWXY
ABCDEFGHIJKLMNOPQRSTUVWXY
ABCDEFGHIJKLMNOPQRSTUVWXY
ABCDEFGHIJKLMNOPQRSTUVWXY
ABCDEFGHIJKLMNOPQRSTUVWXY
ABCDEFGHIJKLMNOPQRSTUVWXY
ABCDEFGHIJKLMNOPQRSTUVWXY
ABCDEFGHIJKLMNOPQRSTUVWXY
ABCDEFGHIJKLMNOPQRSTUVWXY
ABCDEFGHIJKLMNOPQRSTUVWXY
ABCDEFGHIJKLMNOPQRSTUVWXY
ABCDEFGHIJKLMNOPQRSTUVWXY
ABCDEFGHIJKLMNOPQRSTUVWXY
ABCDEFGHIJKLMNOPQRSTUVWXY
ABCDEFGHIJKLMNOPQRSTUVWXY
ABCDEFGHIJKLMNOPQRSTUVWXY
ABCDEFGHIJKLMNOPQRSTUVWXY
Case #68:
AAAAAAAAABBBBBBBBBBBBBBBB
AAAAAAAAABBBBBBBBBBBBBBBB
AAAAAAAAABBBBBBBBBBBBBBBB
AAAAAAAAABBBBBBBBBBBBBBBB
AAAAAAAAABBBBBBBBBBBBBBBB
AAAAAAAAABBBBBBBBBBBBBBBB
AAAAAAAAABBBBBBBBBBBBBBBB
AAAAAAAAABBBBBBBBBBBBBBBB
CCCCCCCCCBBBBBBBBBBBBBBBB
CCCCCCCCCDDDDDDDDDDDDDDDD
EEEEEEEEEDDDDDDDDDDDDDDDD
EEEEEEEEEDDDDDDDDDDDDDDDD
EEEEEEEEEDDDDDDDDDDDDDDDD
EEEEEEEEEDDDDDDDDDDDDDDDD
EEEEEEEEEDDDDDDDDDDDDDDDD
EEEEEEEEEDDDDDDDDDDDDDDDD
EEEEEEEEEFFFFFHHHHHHHHHHH
EEEEEEEEEFFFFFJJJJJJJJJJJ
EEEEEEEEEFFFFFJJJJJJJJJJJ
EEEEEEEEEFFFFFJJJJJJJJJJJ
EEEEEEEEEFFFFFJJJJJJJJJJJ
EEEEEEEEEGGGGGGIIIIIIIIII
EEEEEEEEEGGGGGGIIIIIIIIII
EEEEEEEEEGGGGGGIIIIIIIIII
EEEEEEEEEGGGGGGIIIIIIIIII
Case #69:
VU
RW
RO
YZ
YZ
YT
YT
YH
YJ
YM
YM
YQ
KA
KA
KC
KX
KB
KB
KB
SE
SE
FP
IL
ID
NG
Case #70:
ABCDEFGHIJKLMNOPQRSTUVWXY
ABCDEFGHIJKLMNOPQRSTUVWXY
ABCDEFGHIJKLMNOPQRSTUVWXY
ABCDEFGHIJKLMNOPQRSTUVWXY
ABCDEFGHIJKLMNOPQRSTUVWXY
ABCDEFGHIJKLMNOPQRSTUVWXY
ABCDEFGHIJKLMNOPQRSTUVWXY
ABCDEFGHIJKLMNOPQRSTUVWXY
ABCDEFGHIJKLMNOPQRSTUVWXY
ABCDEFGHIJKLMNOPQRSTUVWXY
ABCDEFGHIJKLMNOPQRSTUVWXY
ABCDEFGHIJKLMNOPQRSTUVWXY
ABCDEFGHIJKLMNOPQRSTUVWXY
ABCDEFGHIJKLMNOPQRSTUVWXY
ABCDEFGHIJKLMNOPQRSTUVWXY
ABCDEFGHIJKLMNOPQRSTUVWXY
ABCDEFGHIJKLMNOPQRSTUVWXY
ABCDEFGHIJKLMNOPQRSTUVWXY
ABCDEFGHIJKLMNOPQRSTUVWXY
ABCDEFGHIJKLMNOPQRSTUVWXY
ABCDEFGHIJKLMNOPQRSTUVWXY
ABCDEFGHIJKLMNOPQRSTUVWXY
ABCDEFGHIJKLMNOPQRSTUVWXY
ABCDEFGHIJKLMNOPQRSTUVWXY
ABCDEFGHIJKLMNOPQRSTUVWXY
Case #71:
NNNNNNNNNNNNNNNARRRRRRRRR
NNNNNNNNNNNNNNNARRRRRRRRR
NNNNNNNNNNNNNNNARRRRRRRRR
NNNNNNNNNNNNNNNARRRRRRRRR
NNNNNNNNNNNNNNNARRRRRRRRR
NNNNNNNNNNNNNNNARRRRRRRRR
NNNNNNNNNNNNNNNARRRRRRRRR
NNNNNNNNNNNNNNNARRRRRRRRR
NNNNNNNNNNNNNNNARRRRRRRRR
NNNNNNNNNNNNNNNARRRRRRRRR
NNNNNNNNNNNNNNNARRRRRRRRR
NNNNNNNNNNNNNNNARRRRRRRRR
NNNNNNNNNNNNNNNARRRRRRRRR
NNNNNNNNNNNNNNNABBBBBBBBB
SSSSSSSSSSSSSSSJJPFFFFFFF
KKKKKKKKKKKKKWWJJMMVVVVVV
LLLLLLLLLLLLLWWQZZDVVVVVV
LLLLLLLLLLLLLHHQEEDVVVVVV
LLLLLLLLLLLLLHHYYTDVVVVVV
LLLLLLLLLLLLLOOXIGDVVVVVV
LLLLLLLLLLLLLOOCUGDVVVVVV
LLLLLLLLLLLLLOOCUGDVVVVVV
LLLLLLLLLLLLLOOCUGDVVVVVV
LLLLLLLLLLLLLOOCUGDVVVVVV
LLLLLLLLLLLLLOOCUGDVVVVVV
Case #72:
CEHJK
MLADK
FBNIG
Case #73:
HHHHHHHHHHHHHHHHHHHHHHHHH
HHHHHHHHHHHHHHHHHHHHHHHHH
FFFFFFFFFFFFFFFFFFFFFFFFF
CCCCCCCCDDDDDDDDDDDDDDDSS
CCCCCCCCKKKKKKKKKKKKKKKSS
CCCCCCCCKKKKKKKKKKKKKKKSS
TTTTTTTTKKKKKKKKKKKKKKKSS
TTTTTTTTKKKKKKKKKKKKKKKSS
TTTTTTTTGGGGGGGGVVVVVVVSS
TTTTTTTTJJJJJJJJVVVVVVVSS
UUUUUUUUJJJJJJJJMMMMMMMSS
UUUUUUUUJJJJJJJJPPPPPPPSS
AAAAAAAAJJJJJJJJPPPPPPPSS
AAAAAAAAJJJJJJJJPPPPPPPSS
AAAAAAAABBBBBBBBPPPPPPPSS
AAAAAAAAYYYYYYYYPPPPPPPSS
AAAAAAAAQQQQQQQQPPPPPPPSS
AAAAAAAANNNNNNNNPPPPPPPSS
XXXXXXXXNNNNNNNNWWWWWWWSS
XXXXXXXXNNNNNNNNWWWWWWWSS
LLLLLLLLNNNNNNNNWWWWWWWSS
RRREEEEENNNNNNNNWWWWWWWSS
RRROOOOOOOOOIIIIWWWWWWWSS
RRROOOOOOOOOIIIIWWWWWWWSS
Case #74:
AAAAAAAAAAAAAAAAAAAAAAAUU
AAAAAAAAAAAAAAAAAAAAAAAUU
AAAAAAAAAAAAAAAAAAAAAAAUU
AAAAAAAAAAAAAAAAAAAAAAAUU
AAAAAAAAAAAAAAAAAAAAAAAUU
AAAAAAAAAAAAAAAAAAAAAAAUU
AAAAAAAAAAAAAAAAAAAAAAAUU
AAAAAAAAAAAAAAAAAAAAAAAUU
AAAAAAAAAAAAAAAAAAAAAAAUU
AAAAAAAAAAAAAAAAAAAAAAAUU
AAAAAAAAAAAAAAAAAAAAAAAUU
AAAAAAAAAAAAAAAAAAAAAAAUU
AAAAAAAAAAAAAAAAAAAAAAAUU
AAAAAAAAAAAAAAAAAAAAAAAUU
AAAAAAAAAAAAAAAAAAAAAAAUU
AAAAAAAAAAAAAAAAAAAAAAAUU
AAAAAAAAAAAAAAAAAAAAAAAUU
AAAAAAAAAAAAAAAAAAAAAAAUU
AAAAAAAAAAAAAAAAAAAAAAAUU
HHHHHHHHHHHHHHHHHHHHHHHPE
DDDDDDDDDDDDDDDDDDDDDDDTB
SSSSSSSSSSSSSSSSSSSSLFIZV
OOOOOOOOOOOOOOOOOJKKNFICM
OOOOOOOOOOOOOOOOOJXXYFIRM
OOOOOOOOOOOOOOOOOQGGYFIRW
Case #75:
AAAAAAAAAAAAAAAAAAAAAAAAA
BBBBBBBBBBBBBBBBBBBBBBBBB
CCCCCCCCCCCCCCCCCCCCCCCCC
DDDDDDDDDDDDDDDDDDDDDDDDD
EEEEEEEEEEEEEEEEEEEEEEEEE
FFFFFFFFFFFFFFFFFFFFFFFFF
GGGGGGGGGGGGGGGGGGGGGGGGG
HHHHHHHHHHHHHHHHHHHHHHHHH
IIIIIIIIIIIIIIIIIIIIIIIII
JJJJJJJJJJJJJJJJJJJJJJJJJ
KKKKKKKKKKKKKKKKKKKKKKKKK
LLLLLLLLLLLLLLLLLLLLLLLLL
MMMMMMMMMMMMMMMMMMMMMMMMM
NNNNNNNNNNNNNNNNNNNNNNNNN
OOOOOOOOOOOOOOOOOOOOOOOOO
PPPPPPPPPPPPPPPPPPPPPPPPP
QQQQQQQQQQQQQQQQQQQQQQQQQ
RRRRRRRRRRRRRRRRRRRRRRRRR
SSSSSSSSSSSSSSSSSSSSSSSSS
TTTTTTTTTTTTTTTTTTTTTTTTT
UUUUUUUUUUUUUUUUUUUUUUUUU
VVVVVVVVVVVVVVVVVVVVVVVVV
WWWWWWWWWWWWWWWWWWWWWWWWW
XXXXXXXXXXXXXXXXXXXXXXXXX
YYYYYYYYYYYYYYYYYYYYYYYYY
Case #76:
A
Case #77:
A
A
Case #78:
CCCCCC
CCCCCC
CCCCCC
CCCCCC
BBBBEA
BBBBDA
Case #79:
DDDDDDDDDDDDDDDDDDDDDDDDI
DDDDDDDDDDDDDDDDDDDDDDDDI
DDDDDDDDDDDDDDDDDDDDDDDDI
DDDDDDDDDDDDDDDDDDDDDDDDI
JJJJJJJJJJJJJJJJJJJJJJJOI
NNNNNNNNNNNNNNNNNNNNNNNOI
GGGGGGGGGGGGGGGGGGGGGGGOI
QQQQQQQQQQQQQQQQQQQQQQQOI
RRRRRRRRRRRRRRRRRRRRRRROI
EEEEEEEEEEEEEEEEEEEEEEEOI
VVVVVVVVVVVVVVVVVVVVVVVOI
VVVVVVVVVVVVVVVVVVVVVVVOI
CCCCCCCCCCCCCCCCCCCCCCCOS
CCCCCCCCCCCCCCCCCCCCCCCOS
AAAAAAAAAAAAAAAAAAAAAAAOS
KKKKKKKKKBBBBBBBBBBBBBBHS
TTTTTTTTTBBBBBBBBBBBBBBHS
TTTTTTTTTLLLLLLLLLLLLLLHS
TTTTTTTTTLLLLLLLLLLLLLLHS
TTTTTTTTTYYYYYYYYYYYYYYHS
TTTTTTTTTYYYYYYYYYYYYYYHS
MMMMMMMMMFFFFFFFFFFFFFFHS
XXXXXXXXXFFFFFFFFFFFFFFHS
XXXXXXXXXPPPPPPPZZZZZZZHS
WWWWWWWWWPPPPPPPUUUUUUUHS
Case #80:
FFFFFFFFFFFFFFFFFFFFFFFFF
FFFFFFFFFFFFFFFFFFFFFFFFF
FFFFFFFFFFFFFFFFFFFFFFFFF
FFFFFFFFFFFFFFFFFFFFFFFFF
FFFFFFFFFFFFFFFFFFFFFFFFF
FFFFFFFFFFFFFFFFFFFFFFFFF
FFFFFFFFFFFFFFFFFFFFFFFFF
FFFFFFFFFFFFFFFFFFFFFFFFF
FFFFFFFFFFFFFFFFFFFFFFFFF
FFFFFFFFFFFFFFFFFFFFFFFFF
FFFFFFFFFFFFFFFFFFFFFFFFF
FFFFFFFFFFFFFFFFFFFFFFFFF
FFFFFFFFFFFFFFFFFFFFFFFFF
SSSSSSSSSSSSSSSSSSSSSCCCC
SSSSSSSSSSSSSSSSSSSSSLLLL
SSSSSSSSSSSSSSSSSSSSSLLLL
SSSSSSSSSSSSSSSSSSSSSDDDJ
IIIIIIIIIIIIIIIIIIIIIIIAJ
NNNNNNNNNNNNNNNNBBXXXMMAJ
EEEEEEEEEEEEEEEEWWHHHZQAJ
PPPPPPPPPPPPPPPPWWHHHZQAJ
VVVVVVVVVVVVVVVVWWOOOZQAJ
VVVVVVVVVVVVVVVVWWGGGZKAT
VVVVVVVVVVVVVVVVUUYYYZKRT
VVVVVVVVVVVVVVVVUUYYYZKRT
Case #81:
A
B
Case #82:
KKKKKKKKKKKKKKKKKKKKKKKKK
KKKKKKKKKKKKKKKKKKKKKKKKK
MMMMMMMMMMMMMMMMMMMMMMMMM
MMMMMMMMMMMMMMMMMMMMMMMMM
BBBBBBBBBBBBBBBBBBBBBBBBB
NNNNNNNNNNNNNNNNNNNNNDDLL
NNNNNNNNNNNNNNNNNNNNNDDLL
NNNNNNNNNNNNNNNNNNNNNDDLL
NNNNNNNNNNNNNNNNNNNNNDDLL
NNNNNNNNNNNNNNNNNNNNNDDJJ
ZZZZZZZZZZZZZZZTTTTXXXEJJ
ZZZZZZZZZZZZZZZTTTTXXXCSY
ZZZZZZZZZZZZZZZTTTTXXXFSY
ZZZZZZZZZZZZZZZGGGRWAAFSY
ZZZZZZZZZZZZZZZGGGRWAAFSY
ZZZZZZZZZZZZZZZGGGRWAAFSY
ZZZZZZZZZZZZZZZGGGRWAAISY
ZZZZZZZZZZZZZZZGGGRWOOISP
ZZZZZZZZZZZZZZZGGGRWVVISP
ZZZZZZZZZZZZZZZGGGRWVVHSP
ZZZZZZZZZZZZZZZGGGRWVVHUP
ZZZZZZZZZZZZZZZGGGRWVVHUQ
ZZZZZZZZZZZZZZZGGGRWVVHUQ
ZZZZZZZZZZZZZZZGGGRWVVHUQ
ZZZZZZZZZZZZZZZGGGRWVVHUQ
Case #83:
BBBBBBEEEEEEEEEEEEEEEEEEE
BBBBBBEEEEEEEEEEEEEEEEEEE
BBBBBBEEEEEEEEEEEEEEEEEEE
BBBBBBEEEEEEEEEEEEEEEEEEE
BBBBBBEEEEEEEEEEEEEEEEEEE
BBBBBBEEEEEEEEEEEEEEEEEEE
BBBBBBEEEEEEEEEEEEEEEEEEE
BBBBBBEEEEEEEEEEEEEEEEEEE
BBBBBBEEEEEEEEEEEEEEEEEEE
BBBBBBEEEEEEEEEEEEEEEEEEE
BBBBBBEEEEEEEEEEEEEEEEEEE
BBBBBBEEEEEEEEEEEEEEEEEEE
BBBBBBEEEEEEEEEEEEEEEEEEE
BBBBBBEEEEEEEEEEEEEEEEEEE
BBBBBBEEEEEEEEEEEEEEEEEEE
BBBBBBEEEEEEEEEEEEEEEEEEE
BBBBBBEEEEEEEEEEEEEEEEEEE
BBBBBBEEEEEEEEEEEEEEEEEEE
BBBBBBEEEEEEEEEEEEEEEEEEE
BBBBBBEEEEEEEEEEEEEEEEEEE
UUUUUYKMMMMMMMMMMMMMMMMMM
QQQQQYKNNNNNNNNNNNNNNNNNN
PPPPPFTAAAAAAAAAAAAAAAAAA
LLLLLCOOOSDDDDDDDDDDDDDDD
VVVHICGJWRZXXXXXXXXXXXXXX
Case #84:
AAAAAAAAAAAAAAAAAAAAAAAAA
BBBBBBBBBBBBBBBBBBBBBBBBB
CCCCCCCCCCCCCCCCCCCCCCCCC
DDDDDDDDDDDDDDDDDDDDDDDDD
EEEEEEEEEEEEEEEEEEEEEEEEE
FFFFFFFFFFFFFFFFFFFFFFFFF
GGGGGGGGGGGGGGGGGGGGGGGGG
HHHHHHHHHHHHHHHHHHHHHHHHH
IIIIIIIIIIIIIIIIIIIIIIIII
JJJJJJJJJJJJJJJJJJJJJJJJJ
KKKKKKKKKKKKKKKKKKKKKKKKK
LLLLLLLLLLLLLLLLLLLLLLLLL
MMMMMMMMMMMMMMMMMMMMMMMMM
NNNNNNNNNNNNNNNNNNNNNNNNN
OOOOOOOOOOOOOOOOOOOOOOOOO
PPPPPPPPPPPPPPPPPPPPPPPPP
QQQQQQQQQQQQQQQQQQQQQQQQQ
RRRRRRRRRRRRRRRRRRRRRRRRR
SSSSSSSSSSSSSSSSSSSSSSSSS
TTTTTTTTTTTTTTTTTTTTTTTTT
UUUUUUUUUUUUUUUUUUUUUUUUU
VVVVVVVVVVVVVVVVVVVVVVVVV
WWWWWWWWWWWWWWWWWWWWWWWWW
XXXXXXXXXXXXXXXXXXXXXXXXX
YYYYYYYYYYYYYYYYYYYYYYYYY
Case #85:
AAAAAAAAABBBBBBBBBBBBBBBB
AAAAAAAAABBBBBBBBBBBBBBBB
AAAAAAAAABBBBBBBBBBBBBBBB
AAAAAAAAABBBBBBBBBBBBBBBB
AAAAAAAAABBBBBBBBBBBBBBBB
AAAAAAAAABBBBBBBBBBBBBBBB
AAAAAAAAABBBBBBBBBBBBBBBB
AAAAAAAAABBBBBBBBBBBBBBBB
CCCCCCCCCBBBBBBBBBBBBBBBB
CCCCCCCCCDDDDDDDDDDDDDDDD
EEEEEEEEEDDDDDDDDDDDDDDDD
EEEEEEEEEDDDDDDDDDDDDDDDD
EEEEEEEEEDDDDDDDDDDDDDDDD
EEEEEEEEEDDDDDDDDDDDDDDDD
EEEEEEEEEDDDDDDDDDDDDDDDD
EEEEEEEEEDDDDDDDDDDDDDDDD
EEEEEEEEEFFFFFFFFFFFFFHHH
EEEEEEEEEFFFFFFFFFFFFFJJJ
EEEEEEEEEFFFFFFFFFFFFFJJJ
EEEEEEEEEFFFFFFFFFFFFFJJJ
EEEEEEEEEFFFFFFFFFFFFFJJJ
EEEEEEEEEGGGGGGGGGGGGGGII
EEEEEEEEEGGGGGGGGGGGGGGII
EEEEEEEEEGGGGGGGGGGGGGGII
EEEEEEEEEGGGGGGGGGGGGGGII
Case #86:
AA
BC
Case #87:
WWWGGKYYYYYYYYYYYYYYYYYYY
ZZZCPMBBEEEEEEEEEEEEEEEEE
ZZZHPANNEEEEEEEEEEEEEEEEE
ZZZHIARREEEEEEEEEEEEEEEEE
VVTSOARREEEEEEEEEEEEEEEEE
DDFQOARREEEEEEEEEEEEEEEEE
JJFQOARREEEEEEEEEEEEEEEEE
XXLQOARREEEEEEEEEEEEEEEEE
UULQOARREEEEEEEEEEEEEEEEE
UULQOARREEEEEEEEEEEEEEEEE
UULQOARREEEEEEEEEEEEEEEEE
UULQOARREEEEEEEEEEEEEEEEE
UULQOARREEEEEEEEEEEEEEEEE
UULQOARREEEEEEEEEEEEEEEEE
UULQOARREEEEEEEEEEEEEEEEE
UULQOARREEEEEEEEEEEEEEEEE
UULQOARREEEEEEEEEEEEEEEEE
UULQOARREEEEEEEEEEEEEEEEE
UULQOARREEEEEEEEEEEEEEEEE
UULQOARREEEEEEEEEEEEEEEEE
UULQOARREEEEEEEEEEEEEEEEE
UULQOARREEEEEEEEEEEEEEEEE
UULQOARREEEEEEEEEEEEEEEEE
UULQOARREEEEEEEEEEEEEEEEE
UULQOARREEEEEEEEEEEEEEEEE
Case #88:
QQQQQQQQQQQQQQQQQQQQQQQQQ
QQQQQQQQQQQQQQQQQQQQQQQQQ
QQQQQQQQQQQQQQQQQQQQQQQQQ
QQQQQQQQQQQQQQQQQQQQQQQQQ
QQQQQQQQQQQQQQQQQQQQQQQQQ
QQQQQQQQQQQQQQQQQQQQQQQQQ
QQQQQQQQQQQQQQQQQQQQQQQQQ
QQQQQQQQQQQQQQQQQQQQQQQQQ
QQQQQQQQQQQQQQQQQQQQQQQQQ
TTTTTTTTTTTTTTTTTTTTTTTTT
RRRXXXCCCCCCCCCCCCCCCCCCC
RRRSSSSSBBBBBBBBBBBBBBBBB
RRRSSSSSBBBBBBBBBBBBBBBBB
AAASSSSSKDDDDDDDDDDDDDDDD
AAAWWWWWKDDDDDDDDDDDDDDDD
AAANNNNNKDDDDDDDDDDDDDDDD
JIIIIVVVKUGGGGGGGGGGGGGGG
YYFFFVVVKUGGGGGGGGGGGGGGG
YYEEEPPPKUGGGGGGGGGGGGGGG
YYEEEZZLKUGGGGGGGGGGGGGGG
YYOOOZZLKUGGGGGGGGGGGGGGG
YYMMMZZLKUGGGGGGGGGGGGGGG
YYHHHZZLKUGGGGGGGGGGGGGGG
YYHHHZZLKUGGGGGGGGGGGGGGG
YYHHHZZLKUGGGGGGGGGGGGGGG
Case #89:
AAAAAAAAAACCCCCCCCCCCCCCC
AAAAAAAAAACCCCCCCCCCCCCCC
AAAAAAAAAACCCCCCCCCCCCCCC
AAAAAAAAAACCCCCCCCCCCCCCC
AAAAAAAAAACCCCCCCCCCCCCCC
AAAAAAAAAACCCCCCCCCCCCCCC
AAAAAAAAAACCCCCCCCCCCCCCC
AAAAAAAAAAEEEEEEEEEEEEEEE
AAAAAAAAAAEEEEEEEEEEEEEEE
AAAAAAAAAAEEEEEEEEEEEEEEE
AAAAAAAAAAEEEEEEEEEEEEEEE
BBBBBBBBBBBDDDDDDDDDDDDDD
BBBBBBBBBBBDDDDDDDDDDDDDD
BBBBBBBBBBBDDDDDDDDDDDDDD
BBBBBBBBBBBDDDDDDDDDDDDDD
BBBBBBBBBBBDDDDDDDDDDDDDD
BBBBBBBBBBBDDDDDDDDDDDDDD
BBBBBBBBBBBDDDDDDDDDDDDDD
BBBBBBBBBBBDDDDDDDDDDDDDD
BBBBBBBBBBBDDDDDDDDDDDDDD
BBBBBBBBBBBDDDDDDDDDDDDDD
BBBBBBBBBBBDDDDDDDDDDDDDD
BBBBBBBBBBBDDDDDDDDDDDDDD
BBBBBBBBBBBDDDDDDDDDDDDDD
BBBBBBBBBBBDDDDDDDDDDDDDD
Case #90:
AB
Case #91:
AAAAAAAAAAAAAAAABBBBBBBBB
AAAAAAAAAAAAAAAABBBBBBBBB
AAAAAAAAAAAAAAAABBBBBBBBB
AAAAAAAAAAAAAAAABBBBBBBBB
AAAAAAAAAAAAAAAABBBBBBBBB
AAAAAAAAAAAAAAAABBBBBBBBB
AAAAAAAAAAAAAAAABBBBBBBBB
AAAAAAAAAAAAAAAABBBBBBBBB
AAAAAAAAAAAAAAAABBBBBBBBB
AAAAAAAAAAAAAAAABBBBBBBBB
AAAAAAAAAAAAAAAABBBBBBBBB
CCCCCCCCCCCCCCCCBBBBBBBBB
CCCCCCCCCCCCCCCCDDDDDDDDD
EEEEEEEEEEEEEEEEDDDDDDDDD
EEEEEEEEEEEEEEEEDDDDDDDDD
EEEEEEEEEEEEEEEEDDDDDDDDD
EEEEEEEEEEEEEEEEDDDDDDDDD
EEEEEEEEEEEEEEEEDDDDDDDDD
EEEEEEEEEEEEEEEEDDDDDDDDD
EEEEEEEEEEEEEEEEDDDDDDDDD
EEEEEEEEEEEEEEEEDDDDDDDDD
EEEEEEEEEEEEEEEEDDDDDDDDD
EEEEEEEEEEEEEEEEDDDDDDDDD
EEEEEEEEEEEEEEEEDDDDDDDDD
EEEEEEEEEEEEEEEEDDDDDDDDD
Case #92:
XXXXXXXXXXXXXXXXXXXXXXXXX
VVVVVVVVVVVVVVVVVVVVLLLLL
WWWWWWWWWWWWWWWWWWWWLLLLL
MMMMMMMMMMMMMMMMMMMMLLLLL
MMMMMMMMMMMMMMMMMMMMLLLLL
MMMMMMMMMMMMMMMMMMMMKKKKK
MMMMMMMMMMMMMMMMMMMMKKKKK
MMMMMMMMMMMMMMMMMMMMKKKKK
CCCCCEEEEEEEEEEEEEEEKKKKK
CCCCCBBBBBBBBBBBBBBBBTTTT
CCCCCYYYYYYYYYYYYYYYYTTTT
CCCCCIIIIIIIIIIIIIIIITTTT
CCCCCIIIIIIIIIIIIIIIITTTT
CCCCCIIIIIIIIIIIIIIIITTTT
DDDDDJJJJJJJJJJJJJJJJTTTT
HPPPPPPPPPUUUUUUUUUUUTTTT
HPPPPPPPPPUUUUUUUUUUUTTTT
HPPPPPPPPPQQQQQQQQSOOTTTT
HPPPPPPPPPQQQQQQQQSOOFFFF
HPPPPPPPPPQQQQQQQQSOOFFFF
HZZZZZZZZZZAAAAAAASOOFFFF
HZZZZZZZZZZAAAAAAASOOFFFF
HZZZZZZZZZZAAAAAAASOOFFFF
HRRRRRRRRRRRNNNNNNSOOFFFF
HGGGGGGGGGGGNNNNNNSOOFFFF
Case #93:
ZZZZZZZZZZZZYYYYYYYYYYYYY
ZZZZZZZZZZZZYYYYYYYYYYYYY
WWWWWWWWWWWWYYYYYYYYYYYYY
WWWWWWWWWWWWRRRRRRRRRRRRR
PPPPPPPPPPPPRRRRRRRRRRRRR
PPPPPPPPPPPPVVVVVVVVVVGGG
NNNNNNNNNNNNVVVVVVVVVVGGG
IIIIIIIIIIIIVVVVVVVVVVGGG
AAAAAAAAAAAAAASSSSOOOOGGG
AAAAAAAAAAAAAASSSSOOOOGGG
AAAAAAAAAAAAAASSSSOOOOGGG
MMMMMMMMMMMMMMSSSSOOOOGGG
MMMMMMMMMMMMMMSSSSOOOOGGG
MMMMMMMMMMMMMMSSSSOOOOGGG
XXXXXXXXXXXXXXSSSSOOOOGGG
XXXXXXXXXXXXXXSSSSOOOOGGG
TTTTTTTTTBBBBBSSSSOOOOGGG
TTTTTTTTTLEEEESSSSOOOOGGG
DDDDDDDDDLEEEESSSSOOOOGGG
CCCCCCCCCLFFFFSSSSOOOOGGG
CCCCCCCCCLFFFFHHHHOOOOKKK
CCCCCCCCCLFFFFHHHHOOOOKKK
CCCCCCCCCLFFFFHHHHOOOOKKK
QQJJJJJJJLFFFFHHHHOOOOKKK
QQJJJJJJJLFFFFHHHHOOOOUUU
Case #94:
CCCCCCCCCCCCCCCCCCCCCCCCC
CCCCCCCCCCCCCCCCCCCCCCCCC
CCCCCCCCCCCCCCCCCCCCCCCCC
CCCCCCCCCCCCCCCCCCCCCCCCC
CCCCCCCCCCCCCCCCCCCCCCCCC
CCCCCCCCCCCCCCCCCCCCCCCCC
CCCCCCCCCCCCCCCCCCCCCCCCC
CCCCCCCCCCCCCCCCCCCCCCCCC
CCCCCCCCCCCCCCCCCCCCCCCCC
CCCCCCCCCCCCCCCCCCCCCCCCC
CCCCCCCCCCCCCCCCCCCCCCCCC
VVVVVVVVVVVVVVVVVVLLLLLLL
VVVVVVVVVVVVVVVVVVLLLLLLL
QQQQQQQQQQQQQQQQQOLLLLLLL
PPPPPPPPPPPPPPPPPJLLLLLLL
PPPPPPPPPPPPPPPPPYLLLLLLL
FFFFFFFFFFFFFFFFUYLLLLLLL
MMMMMMMMMMMMMMMMXGGGGDDDZ
AAAAAAAAAAAAAAAAXWWWWWWHZ
AAAAAAAAAAAAAAAAERRRRRRHK
AAAAAAAAAAAAAAAAEBBBNNTIK
AAAAAAAAAAAAAAAAESSSNNTIK
AAAAAAAAAAAAAAAAESSSNNTIK
AAAAAAAAAAAAAAAAESSSNNTIK
AAAAAAAAAAAAAAAAESSSNNTIK
Case #95:
AA
Case #96:
AAAAAAAAAAAAAAAAAAAAAAABB
AAAAAAAAAAAAAAAAAAAAAAABB
AAAAAAAAAAAAAAAAAAAAAAABB
AAAAAAAAAAAAAAAAAAAAAAABB
AAAAAAAAAAAAAAAAAAAAAAABB
AAAAAAAAAAAAAAAAAAAAAAABB
AAAAAAAAAAAAAAAAAAAAAAABB
AAAAAAAAAAAAAAAAAAAAAAABB
AAAAAAAAAAAAAAAAAAAAAAABB
AAAAAAAAAAAAAAAAAAAAAAABB
AAAAAAAAAAAAAAAAAAAAAAABB
AAAAAAAAAAAAAAAAAAAAAAABB
AAAAAAAAAAAAAAAAAAAAAAABB
CCCCCCCCCCCCCCCCCCCCCCCBB
CCCCCCCCCCCCCCCCCCCCCCCDD
EEEEEEEEEEEEEEEEEEEEEEEDD
EEEEEEEEEEEEEEEEEEEEEEEDD
EEEEEEEEEEEEEEEEEEEEEEEDD
EEEEEEEEEEEEEEEEEEEEEEEDD
EEEEEEEEEEEEEEEEEEEEEEEDD
EEEEEEEEEEEEEEEEEEEEEEEDD
EEEEEEEEEEEEEEEEEEEEEEEDD
EEEEEEEEEEEEEEEEEEEEEEEDD
EEEEEEEEEEEEEEEEEEEEEEEDD
EEEEEEEEEEEEEEEEEEEEEEEDD
Case #97:
HHHHHHHHHHHHOOOOOOOOOOOOO
HHHHHHHHHHHHOOOOOOOOOOOOO
HHHHHHHHHHHHAAAAAAAAAAAAA
XXXXXXXXXXXXXXXXXXXRRRRRR
YYYYYYYYYYYYYYYYYYYYYQQQQ
SSSSSSSSSSSSSSSSSSSSSQQQQ
SSSSSSSSSSSSSSSSSSSSSQQQQ
SSSSSSSSSSSSSSSSSSSSSQQQQ
DDDDDDDDDDDDDDDDDDDDCQQQQ
LLLLLLLLLLLLLLLLLLLPCQQQQ
BBBBBBBBBBBBBBBBBBBPCQQQQ
BBBBBBBBBBBBBBBBBBBPCQQQQ
FFFFFFFFFFFFFFFFFFFPCQQQQ
WWWWWWWWWWWWWWWWWWWPCQQQQ
WWWWWWWWWWWWWWWWWWWPCQQQQ
WWWWWWWWWWWWWWWWWWWPCQQQQ
TTTTTTTTTTTTTTTTTTJPCQQQQ
EEEEEEEEEEEEEEEEEEJPCQQQQ
EEEEEEEEEEEEEEEEEEJPCQQQQ
VVVVVVVVVVVVVZZZZZJPCQQQQ
NNNNNNNNNNNNNZZZZZJPCQQQQ
NNNNNNNNNNNNNZZZZZJICQQQQ
MMMMMMMMMMMMMMMMMKGICQQQQ
UUUUUUUUUUUUUUUUUKGICQQQQ
UUUUUUUUUUUUUUUUUKGICQQQQ
Case #98:
CCB
CCB
DDA
Case #99:
AAAAACCCCCCCCCCCCCCCCCCCC
AAAAACCCCCCCCCCCCCCCCCCCC
AAAAACCCCCCCCCCCCCCCCCCCC
AAAAACCCCCCCCCCCCCCCCCCCC
AAAAAEEEEEEEEEEEEEEEEEEEE
AAAAAEEEEEEEEEEEEEEEEEEEE
AAAAAEEEEEEEEEEEEEEEEEEEE
AAAAAEEEEEEEEEEEEEEEEEEEE
BBBBBBDDDDDDDDDDDDDDDDDDD
BBBBBBDDDDDDDDDDDDDDDDDDD
BBBBBBDDDDDDDDDDDDDDDDDDD
BBBBBBDDDDDDDDDDDDDDDDDDD
BBBBBBDDDDDDDDDDDDDDDDDDD
BBBBBBDDDDDDDDDDDDDDDDDDD
BBBBBBDDDDDDDDDDDDDDDDDDD
BBBBBBDDDDDDDDDDDDDDDDDDD
BBBBBBDDDDDDDDDDDDDDDDDDD
BBBBBBDDDDDDDDDDDDDDDDDDD
BBBBBBDDDDDDDDDDDDDDDDDDD
BBBBBBDDDDDDDDDDDDDDDDDDD
BBBBBBDDDDDDDDDDDDDDDDDDD
BBBBBBDDDDDDDDDDDDDDDDDDD
BBBBBBDDDDDDDDDDDDDDDDDDD
BBBBBBDDDDDDDDDDDDDDDDDDD
BBBBBBDDDDDDDDDDDDDDDDDDD
Case #100:
BBBBBBBBBBBBBBBBBBBBBBBBB
RRRRRRRRRRRRRRRRRRRRRRRRR
RRRRRRRRRRRRRRRRRRRRRRRRR
SSSSUEEEEEEEEEEEEEEEEEEEE
SSSSUQQQQQQQQQQQQQQQQQQQQ
SSSSUPPPPPPPPPPPPCCCGGGGG
SSSSUPPPPPPPPPPPPCCCHHHHH
SSSSUPPPPPPPPPPPPCCCHHHHH
NNNNUIIIIIIIIIAAACCCHHHHH
NNNNUIIIIIIIIIAAACCCHHHHH
NNNNUIIIIIIIIIVVVOOOHHHHH
NNNNUDDDDDDDDDVVVOOOHHHHH
NNNNUDDDDDDDDDVVVOOOHHHHH
NNNNUDDDDDDDDDVVVOOOXXXXJ
NNNNUDDDDDDDDDKKKOOOXXXXJ
NNNNUDDDDDDDDDKKKOOOXXXXJ
NNNNUDDDDDDDDDKKKOOOXXXXJ
NNNNUDDDDDDDDDKKKOOOXXXXJ
FFLLUYYYYYYYYYKKKOOOXXXXJ
FFLLUYYYYYYYYYKKKMMMXXXXJ
FFLLUYYYYYYYYYKKKMMMXXXXJ
FFLLUYYYYYYYYYZZZMMMXXXXJ
FFWWUYYYYYYYYYZZZMMMXXXXJ
FFWWUYYYYYYYYYZZZMMMXXXXJ
FFWWUTTTTTTTTTZZZMMMXXXXJ
